#
# There is insufficient memory for the Java Runtime Environment to continue.
# Native memory allocation (malloc) failed to allocate 2216032 bytes for Chunk::new
# Possible reasons:
#   The system is out of physical RAM or swap space
#   The process is running with CompressedOops enabled, and the Java Heap may be blocking the growth of the native heap
# Possible solutions:
#   Reduce memory load on the system
#   Increase physical memory or swap space
#   Check if swap backing store is full
#   Decrease Java heap size (-Xmx/-Xms)
#   Decrease number of Java threads
#   Decrease Java thread stack sizes (-Xss)
#   Set larger code cache with -XX:ReservedCodeCacheSize=
#   JVM is running with Unscaled Compressed Oops mode in which the Java heap is
#     placed in the first 4GB address space. The Java Heap base address is the
#     maximum limit for the native heap growth. Please use -XX:HeapBaseMinAddress
#     to set the Java Heap base and to place the Java Heap above 4GB virtual address.
# This output file may be truncated or incomplete.
#
#  Out of Memory Error (arena.cpp:189), pid=15916, tid=31816
#
# JRE version: OpenJDK Runtime Environment Temurin-17.0.7+7 (17.0.7+7) (build 17.0.7+7)
# Java VM: OpenJDK 64-Bit Server VM Temurin-17.0.7+7 (17.0.7+7, mixed mode, tiered, compressed oops, compressed class ptrs, g1 gc, windows-amd64)
# No core dump will be written. Minidumps are not enabled by default on client versions of Windows
#

---------------  S U M M A R Y ------------

Command Line: -Dgroovy.home=C:\Users\ishai/.groovy -Djava.system.class.loader=groovy.lang.GroovyClassLoader -Xmx2048m -Dfile.encoding=UTF-8 -XX:+ShowCodeDetailsInExceptionMessages org.codehaus.groovy.tools.GroovyStarter --classpath C:\Users\ishai\Katalon Studio\AutomationexerciseWeb\bin\keyword;C:\Users\ishai\Katalon Studio\AutomationexerciseWeb\Keywords;C:\Users\ishai\Katalon Studio\AutomationexerciseWeb\bin\listener;C:\Users\ishai\Katalon Studio\AutomationexerciseWeb\Test Listeners;C:\Users\ishai\Katalon Studio\AutomationexerciseWeb\bin\lib;C:\Users\ishai\Katalon Studio\AutomationexerciseWeb\Libs;C:\Users\ishai\Katalon Studio\AutomationexerciseWeb\bin\groovy;C:\Users\ishai\Katalon Studio\AutomationexerciseWeb\Include\scripts\groovy;C:\Users\ishai\.katalon\packages\Katalon_Studio_Windows_64-9.6.0\Katalon_Studio_Windows_64-9.6.0\plugins\com.kms.katalon.core_1.0.0.202406140959.jar;C:\Users\ishai\.katalon\packages\Katalon_Studio_Windows_64-9.6.0\Katalon_Studio_Windows_64-9.6.0\configuration\resources\lib\aalto-xml-1.0.0.jar;C:\Users\ishai\.katalon\packages\Katalon_Studio_Windows_64-9.6.0\Katalon_Studio_Windows_64-9.6.0\configuration\resources\lib\aspectjweaver-1.9.1.jar;C:\Users\ishai\.katalon\packages\Katalon_Studio_Windows_64-9.6.0\Katalon_Studio_Windows_64-9.6.0\configuration\resources\lib\bcpkix-jdk15on-1.64.jar;C:\Users\ishai\.katalon\packages\Katalon_Studio_Windows_64-9.6.0\Katalon_Studio_Windows_64-9.6.0\configuration\resources\lib\bcprov-jdk15on-1.64.jar;C:\Users\ishai\.katalon\packages\Katalon_Studio_Windows_64-9.6.0\Katalon_Studio_Windows_64-9.6.0\configuration\resources\lib\browsermob-core-2.1.5.jar;C:\Users\ishai\.katalon\packages\Katalon_Studio_Windows_64-9.6.0\Katalon_Studio_Windows_64-9.6.0\configuration\resources\lib\byte-buddy-1.14.3.jar;C:\Users\ishai\.katalon\packages\Katalon_Studio_Windows_64-9.6.0\Katalon_Studio_Windows_64-9.6.0\configuration\resources\lib\byte-buddy-agent-1.14.3.jar;C:\Users\ishai\.katalon\packages\Katalon_Studio_Windows_64-9.6.0\Katalon_Studio_Windows_64-9.6.0\configuration\resources\lib\cglib-3.2.10.jar;C:\Users\ishai\.katalon\packages\Katalon_Studio_Windows_64-9.6.0\Katalon_Studio_Windows_64-9.6.0\configuration\resources\lib\commons-codec-1.10.jar;C:\Users\ishai\.katalon\packages\Katalon_Studio_Windows_64-9.6.0\Katalon_Studio_Windows_64-9.6.0\configuration\resources\lib\commons-collections4-4.1.jar;C:\Users\ishai\.katalon\packages\Katalon_Studio_Windows_64-9.6.0\Katalon_Studio_Windows_64-9.6.0\configuration\resources\lib\commons-validator-1.6.jar;C:\Users\ishai\.katalon\packages\Katalon_Studio_Windows_64-9.6.0\Katalon_Studio_Windows_64-9.6.0\configuration\resources\lib\curvesapi-1.04.jar;C:\Users\ishai\.katalon\packages\Katalon_Studio_Windows_64-9.6.0\Katalon_Studio_Windows_64-9.6.0\configuration\resources\lib\dnsjava-2.1.8.jar;C:\Users\ishai\.katalon\packages\Katalon_Studio_Windows_64-9.6.0\Katalon_Studio_Windows_64-9.6.0\configuration\resources\lib\groovy-ant-3.0.17.jar;C:\Users\ishai\.katalon\packages\Katalon_Studio_Windows_64-9.6.0\Katalon_Studio_Windows_64-9.6.0\configuration\resources\lib\groovy-astbuilder-3.0.17.jar;C:\Users\ishai\.katalon\packages\Katalon_Studio_Windows_64-9.6.0\Katalon_Studio_Windows_64-9.6.0\configuration\resources\lib\groovy-cli-picocli-3.0.17.jar;C:\Users\ishai\.katalon\packages\Katalon_Studio_Windows_64-9.6.0\Katalon_Studio_Windows_64-9.6.0\configuration\resources\lib\groovy-console-3.0.17.jar;C:\Users\ishai\.katalon\packages\Katalon_Studio_Windows_64-9.6.0\Katalon_Studio_Windows_64-9.6.0\configuration\resources\lib\groovy-datetime-3.0.17.jar;C:\Users\ishai\.katalon\packages\Katalon_Studio_Windows_64-9.6.0\Katalon_Studio_Windows_64-9.6.0\configuration\resources\lib\groovy-dateutil-3.0.17.jar;C:\Users\ishai\.katalon\packages\Katalon_Studio_Windows_64-9.6.0\Katalon_Studio_Windows_64-9.6.0\configuration\resources\lib\groovy-docgenerator-3.0.17.jar;C:\Users\ishai\.katalon\packages\Katalon_Studio_Windows_64-9.6.0\Katalon_Studio_Windows_64-9.6.0\configuration\resources\lib\groovy-groovydoc-3.0.17.jar;C:\Users\ishai\.katalon\packages\Katalon_Studio_Windows_64-9.6.0\Katalon_Studio_Windows_64-9.6.0\configuration\resources\lib\groovy-groovysh-3.0.17.jar;C:\Users\ishai\.katalon\packages\Katalon_Studio_Windows_64-9.6.0\Katalon_Studio_Windows_64-9.6.0\configuration\resources\lib\groovy-jmx-3.0.17.jar;C:\Users\ishai\.katalon\packages\Katalon_Studio_Windows_64-9.6.0\Katalon_Studio_Windows_64-9.6.0\configuration\resources\lib\groovy-json-3.0.17.jar;C:\Users\ishai\.katalon\packages\Katalon_Studio_Windows_64-9.6.0\Katalon_Studio_Windows_64-9.6.0\configuration\resources\lib\groovy-jsr223-3.0.17.jar;C:\Users\ishai\.katalon\packages\Katalon_Studio_Windows_64-9.6.0\Katalon_Studio_Windows_64-9.6.0\configuration\resources\lib\groovy-macro-3.0.17.jar;C:\Users\ishai\.katalon\packages\Katalon_Studio_Windows_64-9.6.0\Katalon_Studio_Windows_64-9.6.0\configuration\resources\lib\groovy-nio-3.0.17.jar;C:\Users\ishai\.katalon\packages\Katalon_Studio_Windows_64-9.6.0\Katalon_Studio_Windows_64-9.6.0\configuration\resources\lib\groovy-servlet-3.0.17.jar;C:\Users\ishai\.katalon\packages\Katalon_Studio_Windows_64-9.6.0\Katalon_Studio_Windows_64-9.6.0\configuration\resources\lib\groovy-sql-3.0.17.jar;C:\Users\ishai\.katalon\packages\Katalon_Studio_Windows_64-9.6.0\Katalon_Studio_Windows_64-9.6.0\configuration\resources\lib\groovy-swing-3.0.17.jar;C:\Users\ishai\.katalon\packages\Katalon_Studio_Windows_64-9.6.0\Katalon_Studio_Windows_64-9.6.0\configuration\resources\lib\groovy-templates-3.0.17.jar;C:\Users\ishai\.katalon\packages\Katalon_Studio_Windows_64-9.6.0\Katalon_Studio_Windows_64-9.6.0\configuration\resources\lib\groovy-test-3.0.17.jar;C:\Users\ishai\.katalon\packages\Katalon_Studio_Windows_64-9.6.0\Katalon_Studio_Windows_64-9.6.0\configuration\resources\lib\groovy-test-junit5-3.0.17.jar;C:\Users\ishai\.katalon\packages\Katalon_Studio_Windows_64-9.6.0\Katalon_Studio_Windows_64-9.6.0\configuration\resources\lib\groovy-testng-3.0.17.jar;C:\Users\ishai\.katalon\packages\Katalon_Studio_Windows_64-9.6.0\Katalon_Studio_Windows_64-9.6.0\configuration\resources\lib\groovy-xml-3.0.17.jar;C:\Users\ishai\.katalon\packages\Katalon_Studio_Windows_64-9.6.0\Katalon_Studio_Windows_64-9.6.0\configuration\resources\lib\java-client-7.0.0.jar;C:\Users\ishai\.katalon\packages\Katalon_Studio_Windows_64-9.6.0\Katalon_Studio_Windows_64-9.6.0\configuration\resources\lib\javax.servlet-api_3.1.0.jar;C:\Users\ishai\.katalon\packages\Katalon_Studio_Windows_64-9.6.0\Katalon_Studio_Windows_64-9.6.0\configuration\resources\lib\jna-5.12.1.jar;C:\Users\ishai\.katalon\packages\Katalon_Studio_Windows_64-9.6.0\Katalon_Studio_Windows_64-9.6.0\configuration\resources\lib\jna-platform-5.12.1.jar;C:\Users\ishai\.katalon\packages\Katalon_Studio_Windows_64-9.6.0\Katalon_Studio_Windows_64-9.6.0\configuration\resources\lib\jzlib-1.1.3.jar;C:\Users\ishai\.katalon\packages\Katalon_Studio_Windows_64-9.6.0\Katalon_Studio_Windows_64-9.6.0\configuration\resources\lib\kat-server.jar;C:\Users\ishai\.katalon\packages\Katalon_Studio_Windows_64-9.6.0\Katalon_Studio_Windows_64-9.6.0\configuration\resources\lib\littleproxy-1.1.0-beta-bmp-17.jar;C:\Users\ishai\.katalon\packages\Katalon_Studio_Windows_64-9.6.0\Katalon_Studio_Windows_64-9.6.0\configuration\resources\lib\log4j-1.2-api-2.17.1.jar;C:\Users\ishai\.katalon\packages\Katalon_Studio_Windows_64-9.6.0\Katalon_Studio_Windows_64-9.6.0\configuration\resources\lib\log4j-api-2.17.1.jar;C:\Users\ishai\.katalon\packages\Katalon_Studio_Windows_64-9.6.0\Katalon_Studio_Windows_64-9.6.0\configuration\resources\lib\log4j-core-2.17.1.jar;C:\Users\ishai\.katalon\packages\Katalon_Studio_Windows_64-9.6.0\Katalon_Studio_Windows_64-9.6.0\configuration\resources\lib\mitm-2.1.5.jar;C:\Users\ishai\.katalon\packages\Katalon_Studio_Windows_64-9.6.0\Katalon_Studio_Windows_64-9.6.0\configuration\resources\lib\mockito-core-5.2.0.jar;C:\Users\ishai\.katalon\packages\Katalon_Studio_Windows_64-9.6.0\Katalon_Studio_Windows_64-9.6.0\configuration\resources\lib\mockito-inline-5.2.0.jar;C:\Users\ishai\.katalon\packages\Katalon_Studio_Windows_64-9.6.0\Katalon_Studio_Windows_64-9.6.0\configuration\resources\lib\netty-all-4.1.109.Final.jar;C:\Users\ishai\.katalon\packages\Katalon_Studio_Windows_64-9.6.0\Katalon_Studio_Windows_64-9.6.0\configuration\resources\lib\objenesis-3.3.jar;C:\Users\ishai\.katalon\packages\Katalon_Studio_Windows_64-9.6.0\Katalon_Studio_Windows_64-9.6.0\configuration\resources\lib\poi-3.17.jar;C:\Users\ishai\.katalon\packages\Katalon_Studio_Windows_64-9.6.0\Katalon_Studio_Windows_64-9.6.0\configuration\resources\lib\poi-ooxml-3.17.jar;C:\Users\ishai\.katalon\packages\Katalon_Studio_Windows_64-9.6.0\Katalon_Studio_Windows_64-9.6.0\configuration\resources\lib\poi-ooxml-schemas-3.17.jar;C:\Users\ishai\.katalon\packages\Katalon_Studio_Windows_64-9.6.0\Katalon_Studio_Windows_64-9.6.0\configuration\resources\lib\proxy-vole-1.0.4-SNAPSHOT-jar-with-dependencies.jar;C:\Users\ishai\.katalon\packages\Katalon_Studio_Windows_64-9.6.0\Katalon_Studio_Windows_64-9.6.0\configuration\resources\lib\repackaged-sikuli-api-1.0.2-standalone.jar;C:\Users\ishai\.katalon\packages\Katalon_Studio_Windows_64-9.6.0\Katalon_Studio_Windows_64-9.6.0\configuration\resources\lib\selenium-leg-rc-3.141.59.jar;C:\Users\ishai\.katalon\packages\Katalon_Studio_Windows_64-9.6.0\Katalon_Studio_Windows_64-9.6.0\configuration\resources\lib\selenium-server-standalone-3.141.59.jar;C:\Users\ishai\.katalon\packages\Katalon_Studio_Windows_64-9.6.0\Katalon_Studio_Windows_64-9.6.0\configuration\resources\lib\selenium-shutterbug-1.1.jar;C:\Users\ishai\.katalon\packages\Katalon_Studio_Windows_64-9.6.0\Katalon_Studio_Windows_64-9.6.0\configuration\resources\lib\slf4j-api-1.7.25.jar;C:\Users\ishai\.katalon\packages\Katalon_Studio_Windows_64-9.6.0\Katalon_Studio_Windows_64-9.6.0\configuration\resources\lib\soap-builder-1.0.0.jar;C:\Users\ishai\.katalon\packages\Katalon_Studio_Windows_64-9.6.0\Katalon_Studio_Windows_64-9.6.0\configuration\resources\lib\soap-common-1.0.0.jar;C:\Users\ishai\.katalon\packages\Katalon_Studio_Windows_64-9.6.0\Katalon_Studio_Windows_64-9.6.0\configuration\resources\lib\soap-legacy-1.0.0.jar;C:\Users\ishai\.katalon\packages\Katalon_Studio_Windows_64-9.6.0\Katalon_Studio_Windows_64-9.6.0\configuration\resources\lib\spring-context-5.3.19.jar;C:\Users\ishai\.katalon\packages\Katalon_Studio_Windows_64-9.6.0\Katalon_Studio_Windows_64-9.6.0\configuration\resources\lib\stax2-api-4.0.0.jar;C:\Users\ishai\.katalon\packages\Katalon_Studio_Windows_64-9.6.0\Katalon_Studio_Windows_64-9.6.0\configuration\resources\lib\su.jar;C:\Users\ishai\.katalon\packages\Katalon_Studio_Windows_64-9.6.0\Katalon_Studio_Windows_64-9.6.0\configuration\resources\lib\testng-7.8.0.jar;C:\Users\ishai\.katalon\packages\Katalon_Studio_Windows_64-9.6.0\Katalon_Studio_Windows_64-9.6.0\configuration\resources\lib\wadl.jar;C:\Users\ishai\.katalon\packages\Katalon_Studio_Windows_64-9.6.0\Katalon_Studio_Windows_64-9.6.0\configuration\resources\lib\xmlbeans-3.1.0.jar;C:\Users\ishai\.katalon\packages\Katalon_Studio_Windows_64-9.6.0\Katalon_Studio_Windows_64-9.6.0\plugins\net.sf.supercsv.super-csv_2.1.0.jar;C:\Users\ishai\.katalon\packages\Katalon_Studio_Windows_64-9.6.0\Katalon_Studio_Windows_64-9.6.0\plugins\org.apache.commons.io_2.4.0.jar;C:\Users\ishai\.katalon\packages\Katalon_Studio_Windows_64-9.6.0\Katalon_Studio_Windows_64-9.6.0\plugins\org.apache.commons.lang_2.6.0.jar;C:\Users\ishai\.katalon\packages\Katalon_Studio_Windows_64-9.6.0\Katalon_Studio_Windows_64-9.6.0\plugins\com.google.gson_2.10.1.v20230109-0753.jar;C:\Users\ishai\.katalon\packages\Katalon_Studio_Windows_64-9.6.0\Katalon_Studio_Windows_64-9.6.0\plugins\org.jsoup_1.14.3.jar;C:\Users\ishai\.katalon\packages\Katalon_Studio_Windows_64-9.6.0\Katalon_Studio_Windows_64-9.6.0\plugins\org.apache.commons.dbutils_1.6.0.jar;C:\Users\ishai\.katalon\packages\Katalon_Studio_Windows_64-9.6.0\Katalon_Studio_Windows_64-9.6.0\plugins\com.oracle.jdbc.ojdbc7_12.1.0.2.jar;C:\Users\ishai\.katalon\packages\Katalon_Studio_Windows_64-9.6.0\Katalon_Studio_Windows_64-9.6.0\plugins\org.postgresql.jdbc_42.7.3.jar;c:\Users\ishai\.katalon\packages\Katalon_Studio_Windows_64-9.6.0\Katalon_Studio_Windows_64-9.6.0\plugins\org.eclipse.osgi_3.18.300.v20230220-1352.jar;C:\Users\ishai\.katalon\packages\Katalon_Studio_Windows_64-9.6.0\Katalon_Studio_Windows_64-9.6.0\plugins\com.kms.katalon.constant_1.0.0.202406140959.jar;C:\Users\ishai\.katalon\packages\Katalon_Studio_Windows_64-9.6.0\Katalon_Studio_Windows_64-9.6.0\plugins\org.eclipse.persistence.eclipselink_2.7.11.jar;C:\Users\ishai\.katalon\packages\Katalon_Studio_Windows_64-9.6.0\Katalon_Studio_Windows_64-9.6.0\plugins\com.kms.katalon.selenium-standalone_1.0.0.202406140959.jar;C:\Users\ishai\.katalon\packages\Katalon_Studio_Windows_64-9.6.0\Katalon_Studio_Windows_64-9.6.0\plugins\atu.testrecorder.screen-recorder_2.1.0.jar;C:\Users\ishai\.katalon\packages\Katalon_Studio_Windows_64-9.6.0\Katalon_Studio_Windows_64-9.6.0\plugins\com.google.guava_23.0.0.jar;C:\Users\ishai\.katalon\packages\Katalon_Studio_Windows_64-9.6.0\Katalon_Studio_Windows_64-9.6.0\plugins\com.kms.katalon.util_1.0.0.202406140959.jar;C:\Users\ishai\.katalon\packages\Katalon_Studio_Windows_64-9.6.0\Katalon_Studio_Windows_64-9.6.0\plugins\org.apache.httpcomponents.httpclient_4.5.14.v20221207-1049.jar;C:\Users\ishai\.katalon\packages\Katalon_Studio_Windows_64-9.6.0\Katalon_Studio_Windows_64-9.6.0\plugins\org.apache.httpcomponents.httpcore_4.4.16.v20221207-1049.jar;C:\Users\ishai\.katalon\packages\Katalon_Studio_Windows_64-9.6.0\Katalon_Studio_Windows_64-9.6.0\plugins\org.apache.httpcomponents.httpmime_4.5.13.jar;C:\Users\ishai\.katalon\packages\Katalon_Studio_Windows_64-9.6.0\Katalon_Studio_Windows_64-9.6.0\plugins\org.apache.commons.lang3_3.14.0.jar;C:\Users\ishai\.katalon\packages\Katalon_Studio_Windows_64-9.6.0\Katalon_Studio_Windows_64-9.6.0\plugins\org.greenrobot.eventbus_3.1.1.jar;C:\Users\ishai\.katalon\packages\Katalon_Studio_Windows_64-9.6.0\Katalon_Studio_Windows_64-9.6.0\plugins\net.bytebuddy.byte-buddy_1.14.15.jar;C:\Users\ishai\.katalon\packages\Katalon_Studio_Windows_64-9.6.0\Katalon_Studio_Windows_64-9.6.0\plugins\org.junit_4.13.2.v20211018-1956.jar;C:\Users\ishai\.katalon\packages\Katalon_Studio_Windows_64-9.6.0\Katalon_Studio_Windows_64-9.6.0\plugins\com.fasterxml.jackson.core.jackson-databind_2.17.1.jar;C:\Users\ishai\.katalon\packages\Katalon_Studio_Windows_64-9.6.0\Katalon_Studio_Windows_64-9.6.0\plugins\com.fasterxml.jackson.core.jackson-core_2.17.1.jar;C:\Users\ishai\.katalon\packages\Katalon_Studio_Windows_64-9.6.0\Katalon_Studio_Windows_64-9.6.0\plugins\com.fasterxml.jackson.core.jackson-annotations_2.17.1.jar;C:\Users\ishai\.katalon\packages\Katalon_Studio_Windows_64-9.6.0\Katalon_Studio_Windows_64-9.6.0\plugins\ch.qos.logback.classic_1.2.13.jar;C:\Users\ishai\.katalon\packages\Katalon_Studio_Windows_64-9.6.0\Katalon_Studio_Windows_64-9.6.0\plugins\ch.qos.logback.core_1.2.13.jar;C:\Users\ishai\.katalon\packages\Katalon_Studio_Windows_64-9.6.0\Katalon_Studio_Windows_64-9.6.0\plugins\slf4j.api_1.7.36.jar;C:\Users\ishai\.katalon\packages\Katalon_Studio_Windows_64-9.6.0\Katalon_Studio_Windows_64-9.6.0\plugins\org.fusesource.jansi_1.17.1.jar;C:\Users\ishai\.katalon\packages\Katalon_Studio_Windows_64-9.6.0\Katalon_Studio_Windows_64-9.6.0\plugins\com.kms.katalon.netlightbody_1.0.0.202406140959.jar;C:\Users\ishai\.katalon\packages\Katalon_Studio_Windows_64-9.6.0\Katalon_Studio_Windows_64-9.6.0\plugins\com.kms.katalon.poi_1.0.0.202406140959.jar;C:\Users\ishai\.katalon\packages\Katalon_Studio_Windows_64-9.6.0\Katalon_Studio_Windows_64-9.6.0\plugins\org.apache.commons.commons-text_1.10.0.jar;C:\Users\ishai\.katalon\packages\Katalon_Studio_Windows_64-9.6.0\Katalon_Studio_Windows_64-9.6.0\plugins\com.kms.katalon.proxyvole_1.0.0.202406140959.jar;C:\Users\ishai\.katalon\packages\Katalon_Studio_Windows_64-9.6.0\Katalon_Studio_Windows_64-9.6.0\plugins\com.microsoft.sqlserver.mssql-jdbc_6.2.2.jre8.jar;C:\Users\ishai\.katalon\packages\Katalon_Studio_Windows_64-9.6.0\Katalon_Studio_Windows_64-9.6.0\plugins\com.github.kklisura.cdt.java-client_2.1.0.jar;C:\Users\ishai\.katalon\packages\Katalon_Studio_Windows_64-9.6.0\Katalon_Studio_Windows_64-9.6.0\plugins\javax.websocket-api_1.1.0.jar;C:\Users\ishai\.katalon\packages\Katalon_Studio_Windows_64-9.6.0\Katalon_Studio_Windows_64-9.6.0\plugins\org.glassfish.tyrus.container-grizzly-client_1.13.1.jar;C:\Users\ishai\.katalon\packages\Katalon_Studio_Windows_64-9.6.0\Katalon_Studio_Windows_64-9.6.0\plugins\org.glassfish.grizzly.http-server_2.3.25.jar;C:\Users\ishai\.katalon\packages\Katalon_Studio_Windows_64-9.6.0\Katalon_Studio_Windows_64-9.6.0\plugins\org.glassfish.grizzly.framework_2.3.25.jar;C:\Users\ishai\.katalon\packages\Katalon_Studio_Windows_64-9.6.0\Katalon_Studio_Windows_64-9.6.0\plugins\org.glassfish.grizzly.http_2.3.25.jar;C:\Users\ishai\.katalon\packages\Katalon_Studio_Windows_64-9.6.0\Katalon_Studio_Windows_64-9.6.0\plugins\org.glassfish.tyrus.client_1.13.1.jar;C:\Users\ishai\.katalon\packages\Katalon_Studio_Windows_64-9.6.0\Katalon_Studio_Windows_64-9.6.0\plugins\org.glassfish.tyrus.core_1.13.1.jar;C:\Users\ishai\.katalon\packages\Katalon_Studio_Windows_64-9.6.0\Katalon_Studio_Windows_64-9.6.0\plugins\org.glassfish.tyrus.spi_1.13.1.jar;C:\Users\ishai\.katalon\packages\Katalon_Studio_Windows_64-9.6.0\Katalon_Studio_Windows_64-9.6.0\plugins\javassist_3.28.0.GA.jar;C:\Users\ishai\.katalon\packages\Katalon_Studio_Windows_64-9.6.0\Katalon_Studio_Windows_64-9.6.0\plugins\graphql-java_17.5.0.jar;C:\Users\ishai\.katalon\packages\Katalon_Studio_Windows_64-9.6.0\Katalon_Studio_Windows_64-9.6.0\plugins\org.glassfish.jaxb.runtime_2.3.6.jar;C:\Users\ishai\.katalon\packages\Katalon_Studio_Windows_64-9.6.0\Katalon_Studio_Windows_64-9.6.0\plugins\org.glassfish.jaxb.txw2_2.3.6.jar;C:\Users\ishai\.katalon\packages\Katalon_Studio_Windows_64-9.6.0\Katalon_Studio_Windows_64-9.6.0\plugins\org.dom4j_2.1.4.jar;C:\Users\ishai\.katalon\packages\Katalon_Studio_Windows_64-9.6.0\Katalon_Studio_Windows_64-9.6.0\plugins\com.kms.katalon.groovy-extended_1.0.0.202406140959.jar;C:\Users\ishai\.katalon\packages\Katalon_Studio_Windows_64-9.6.0\Katalon_Studio_Windows_64-9.6.0\plugins\com.sun.activation.javax.activation_1.2.0.jar;C:\Users\ishai\.katalon\packages\Katalon_Studio_Windows_64-9.6.0\Katalon_Studio_Windows_64-9.6.0\plugins\jakarta.xml.bind-api_2.3.3.jar;C:\Users\ishai\.katalon\packages\Katalon_Studio_Windows_64-9.6.0\Katalon_Studio_Windows_64-9.6.0\plugins\com.sun.xml.bind.jaxb-impl_2.3.6.jar;C:\Users\ishai\.katalon\packages\Katalon_Studio_Windows_64-9.6.0\Katalon_Studio_Windows_64-9.6.0\plugins\org.eclipse.jface_3.29.0.v20230214-1401.jar;C:\Users\ishai\.katalon\packages\Katalon_Studio_Windows_64-9.6.0\Katalon_Studio_Windows_64-9.6.0\plugins\com.kms.katalon.logging_1.0.0.202406140959.jar;C:\Users\ishai\.katalon\packages\Katalon_Studio_Windows_64-9.6.0\Katalon_Studio_Windows_64-9.6.0\plugins\json_20240303.0.0.jar;C:\Users\ishai\.katalon\packages\Katalon_Studio_Windows_64-9.6.0\Katalon_Studio_Windows_64-9.6.0\plugins\assertj-core_3.25.3.jar;C:\Users\ishai\.katalon\packages\Katalon_Studio_Windows_64-9.6.0\Katalon_Studio_Windows_64-9.6.0\plugins\org.apache.commons.logging_1.2.0.v20180409-1502.jar;C:\Users\ishai\.katalon\packages\Katalon_Studio_Windows_64-9.6.0\Katalon_Studio_Windows_64-9.6.0\plugins\org.hamcrest.core_1.3.0.v20180420-1519.jar;C:\Users\ishai\.katalon\packages\Katalon_Studio_Windows_64-9.6.0\Katalon_Studio_Windows_64-9.6.0\plugins\org.beanshell.bsh_2.0.0.0b4.jar;C:\Users\ishai\.katalon\packages\Katalon_Studio_Windows_64-9.6.0\Katalon_Studio_Windows_64-9.6.0\plugins\org.apache.ant.launcher_1.9.6.jar;C:\Users\ishai\.katalon\packages\Katalon_Studio_Windows_64-9.6.0\Katalon_Studio_Windows_64-9.6.0\plugins\com.kms.katalon.core.appium_1.0.0.202406140959.jar;C:\Users\ishai\.katalon\packages\Katalon_Studio_Windows_64-9.6.0\Katalon_Studio_Windows_64-9.6.0\plugins\com.kms.katalon.api_1.0.0.202406140959.jar;C:\Users\ishai\.katalon\packages\Katalon_Studio_Windows_64-9.6.0\Katalon_Studio_Windows_64-9.6.0\plugins\org.eclipse.equinox.common_3.17.100.v20230202-1341.jar;C:\Users\ishai\.katalon\packages\Katalon_Studio_Windows_64-9.6.0\Katalon_Studio_Windows_64-9.6.0\plugins\com.kms.katalon.testcloud.core_1.0.0.202406140959.jar;C:\Users\ishai\.katalon\packages\Katalon_Studio_Windows_64-9.6.0\Katalon_Studio_Windows_64-9.6.0\plugins\org.eclipse.e4.core.di.annotations_1.7.200.v20220613-1008.jar;C:\Users\ishai\.katalon\packages\Katalon_Studio_Windows_64-9.6.0\Katalon_Studio_Windows_64-9.6.0\plugins\org.eclipse.swt_3.123.0.v20230220-1431.jar;C:\Users\ishai\.katalon\packages\Katalon_Studio_Windows_64-9.6.0\Katalon_Studio_Windows_64-9.6.0\plugins\com.kms.katalon.configuration.core_1.0.0.202406140959.jar;C:\Users\ishai\.katalon\packages\Katalon_Studio_Windows_64-9.6.0\Katalon_Studio_Windows_64-9.6.0\plugins\org.semver4j_5.3.0.jar;C:\Users\ishai\.katalon\packages\Katalon_Studio_Windows_64-9.6.0\Katalon_Studio_Windows_64-9.6.0\plugins\com.kms.katalon.core.webui_1.0.0.202406140959.jar;C:\Users\ishai\.katalon\packages\Katalon_Studio_Windows_64-9.6.0\Katalon_Studio_Windows_64-9.6.0\plugins\org.eclipse.e4.core.contexts_1.11.0.v20220716-0839.jar;C:\Users\ishai\.katalon\packages\Katalon_Studio_Windows_64-9.6.0\Katalon_Studio_Windows_64-9.6.0\plugins\org.eclipse.e4.core.services_2.3.400.v20220915-1347.jar;C:\Users\ishai\.katalon\packages\Katalon_Studio_Windows_64-9.6.0\Katalon_Studio_Windows_64-9.6.0\plugins\com.kms.katalon.core.mobile_1.0.0.202406140959.jar;C:\Users\ishai\.katalon\packages\Katalon_Studio_Windows_64-9.6.0\Katalon_Studio_Windows_64-9.6.0\plugins\org.apache.commons.commons-validator_1.7.0.jar;C:\Users\ishai\.katalon\packages\Katalon_Studio_Windows_64-9.6.0\Katalon_Studio_Windows_64-9.6.0\plugins\com.kms.katalon.core.cucumber_1.0.0.202406140959.jar;C:\Users\ishai\.katalon\packages\Katalon_Studio_Windows_64-9.6.0\Katalon_Studio_Windows_64-9.6.0\plugins\io.cucumber.core_3.0.3.jar;C:\Users\ishai\.katalon\packages\Katalon_Studio_Windows_64-9.6.0\Katalon_Studio_Windows_64-9.6.0\plugins\io.cucumber.datatable_1.1.15.jar;C:\Users\ishai\.katalon\packages\Katalon_Studio_Windows_64-9.6.0\Katalon_Studio_Windows_64-9.6.0\plugins\io.cucumber.datatable-dependencies_1.1.15.jar;C:\Users\ishai\.katalon\packages\Katalon_Studio_Windows_64-9.6.0\Katalon_Studio_Windows_64-9.6.0\plugins\io.cucumber.expressions_5.0.19.jar;C:\Users\ishai\.katalon\packages\Katalon_Studio_Windows_64-9.6.0\Katalon_Studio_Windows_64-9.6.0\plugins\io.cucumber.gherkin_5.0.0.jar;C:\Users\ishai\.katalon\packages\Katalon_Studio_Windows_64-9.6.0\Katalon_Studio_Windows_64-9.6.0\plugins\io.cucumber.html_0.2.7.jar;C:\Users\ishai\.katalon\packages\Katalon_Studio_Windows_64-9.6.0\Katalon_Studio_Windows_64-9.6.0\plugins\io.cucumber.java_3.0.3.jar;C:\Users\ishai\.katalon\packages\Katalon_Studio_Windows_64-9.6.0\Katalon_Studio_Windows_64-9.6.0\plugins\io.cucumber.tag-expressions_1.1.1.jar;C:\Users\ishai\.katalon\packages\Katalon_Studio_Windows_64-9.6.0\Katalon_Studio_Windows_64-9.6.0\plugins\io.cucumber.junit_3.0.3.jar;C:\Users\ishai\.katalon\packages\Katalon_Studio_Windows_64-9.6.0\Katalon_Studio_Windows_64-9.6.0\plugins\com.kms.katalon.core.webservice_1.0.0.202406140959.jar;C:\Users\ishai\.katalon\packages\Katalon_Studio_Windows_64-9.6.0\Katalon_Studio_Windows_64-9.6.0\plugins\wsdl4j_1.6.2.jar;C:\Users\ishai\.katalon\packages\Katalon_Studio_Windows_64-9.6.0\Katalon_Studio_Windows_64-9.6.0\plugins\com.google.oauth-client.google-oauth-client_1.22.0.jar;C:\Users\ishai\.katalon\packages\Katalon_Studio_Windows_64-9.6.0\Katalon_Studio_Windows_64-9.6.0\plugins\com.google.http-client.google-http-client_1.22.0.jar;C:\Users\ishai\.katalon\packages\Katalon_Studio_Windows_64-9.6.0\Katalon_Studio_Windows_64-9.6.0\plugins\ca.juliusdavies.not-yet-commons-ssl_0.3.11.jar;C:\Users\ishai\.katalon\packages\Katalon_Studio_Windows_64-9.6.0\Katalon_Studio_Windows_64-9.6.0\plugins\com.kms.katalon.preferences_1.0.0.202406140959.jar;C:\Users\ishai\.katalon\packages\Katalon_Studio_Windows_64-9.6.0\Katalon_Studio_Windows_64-9.6.0\plugins\org.apache.xmlbeans_3.1.0.jar;C:\Users\ishai\.katalon\packages\Katalon_Studio_Windows_64-9.6.0\Katalon_Studio_Windows_64-9.6.0\plugins\com.kms.katalon.entity_1.0.0.202406140959.jar;C:\Users\ishai\.katalon\packages\Katalon_Studio_Windows_64-9.6.0\Katalon_Studio_Windows_64-9.6.0\plugins\org.antlr.antlr4-runtime_4.9.2.jar;C:\Users\ishai\.katalon\packages\Katalon_Studio_Windows_64-9.6.0\Katalon_Studio_Windows_64-9.6.0\plugins\com.networknt.json-schema-validator_1.0.66.jar;C:\Users\ishai\.katalon\packages\Katalon_Studio_Windows_64-9.6.0\Katalon_Studio_Windows_64-9.6.0\plugins\jakarta.xml.ws-api_2.3.3.jar;C:\Users\ishai\.katalon\packages\Katalon_Studio_Windows_64-9.6.0\Katalon_Studio_Windows_64-9.6.0\plugins\javax.xml.soap-api_1.4.0.jar;C:\Users\ishai\.katalon\packages\Katalon_Studio_Windows_64-9.6.0\Katalon_Studio_Windows_64-9.6.0\plugins\com.kms.katalon.core.windows_1.0.0.202406140959.jar;C:\Users\ishai\.katalon\packages\Katalon_Studio_Windows_64-9.6.0\Katalon_Studio_Windows_64-9.6.0\plugins\com.kms.katalon.core.testng_1.0.0.202406140959.jar;C:\Users\ishai\.katalon\packages\Katalon_Studio_Windows_64-9.6.0\Katalon_Studio_Windows_64-9.6.0\configuration\org.eclipse.osgi\32\0\.cp\resources\basic-report\katalon-studio-report-plugin.jar;C:\Users\ishai\.katalon\packages\Katalon_Studio_Windows_64-9.6.0\Katalon_Studio_Windows_64-9.6.0\plugins\org.codehaus.groovy_3.0.17.v202303311542-e2303\lib\groovy-3.0.17-indy.jar;C:\Users\ishai\.katalon\packages\Katalon_Studio_Windows_64-9.6.0\Katalon_Studio_Windows_64-9.6.0\plugins\org.codehaus.groovy_3.0.17.v202303311542-e2303\lib\ivy-2.5.1.jar --main groovy.ui.GroovyMain --encoding UTF-8 --indy C:\Users\ishai\Katalon Studio\AutomationexerciseWeb\Libs\TempTestCase1724319375528.groovy

Host: 11th Gen Intel(R) Core(TM) i5-11320H @ 3.20GHz, 8 cores, 15G,  Windows 11 , 64 bit Build 22621 (10.0.22621.3958)
Time: Thu Aug 22 15:07:15 2024 India Standard Time elapsed time: 59.805542 seconds (0d 0h 0m 59s)

---------------  T H R E A D  ---------------

Current thread (0x00000236d9baa310):  JavaThread "C2 CompilerThread0" daemon [_thread_in_native, id=31816, stack(0x000000ee93500000,0x000000ee93600000)]


Current CompileTask:
C2:  59805 5980       4       jdk.internal.org.objectweb.asm.Frame::execute (2305 bytes)

Stack: [0x000000ee93500000,0x000000ee93600000]
Native frames: (J=compiled Java code, j=interpreted, Vv=VM code, C=native code)
V  [jvm.dll+0x67754a]
V  [jvm.dll+0x834304]
V  [jvm.dll+0x835aae]
V  [jvm.dll+0x836113]
V  [jvm.dll+0x24696f]
V  [jvm.dll+0xac0ac]
V  [jvm.dll+0xac67c]
V  [jvm.dll+0x364e37]
V  [jvm.dll+0x32f6b1]
V  [jvm.dll+0x32eb5a]
V  [jvm.dll+0x219641]
V  [jvm.dll+0x218a61]
V  [jvm.dll+0x1a4d8d]
V  [jvm.dll+0x2284da]
V  [jvm.dll+0x226615]
V  [jvm.dll+0x7ea90b]
V  [jvm.dll+0x7e4e7a]
V  [jvm.dll+0x676395]
C  [ucrtbase.dll+0x29333]
C  [KERNEL32.DLL+0x1257d]
C  [ntdll.dll+0x5af28]


---------------  P R O C E S S  ---------------

Threads class SMR info:
_java_thread_list=0x00000236e0619110, length=20, elements={
0x00000236bda0e0f0, 0x00000236d956dee0, 0x00000236d956e9a0, 0x00000236d9b993b0,
0x00000236d9b99c70, 0x00000236d9b9c540, 0x00000236d9b9e210, 0x00000236d9baa310,
0x00000236d9bf5810, 0x00000236d9c104e0, 0x00000236d9e51090, 0x00000236de8c2890,
0x00000236e34f0740, 0x00000236e34f10e0, 0x00000236e34f0c10, 0x00000236e34f15b0,
0x00000236e259e000, 0x00000236e259d660, 0x00000236e2598490, 0x00000236e2598960
}

Java Threads: ( => current thread )
  0x00000236bda0e0f0 JavaThread "Forwarding executeAsyncScript on session 9a1f75f17ff69b4436d90519b4fcc07c to remote" [_thread_in_native, id=136, stack(0x000000ee92800000,0x000000ee92900000)]
  0x00000236d956dee0 JavaThread "Reference Handler" daemon [_thread_blocked, id=21936, stack(0x000000ee92f00000,0x000000ee93000000)]
  0x00000236d956e9a0 JavaThread "Finalizer" daemon [_thread_blocked, id=1164, stack(0x000000ee93000000,0x000000ee93100000)]
  0x00000236d9b993b0 JavaThread "Signal Dispatcher" daemon [_thread_blocked, id=27060, stack(0x000000ee93100000,0x000000ee93200000)]
  0x00000236d9b99c70 JavaThread "Attach Listener" daemon [_thread_blocked, id=3968, stack(0x000000ee93200000,0x000000ee93300000)]
  0x00000236d9b9c540 JavaThread "Service Thread" daemon [_thread_blocked, id=20240, stack(0x000000ee93300000,0x000000ee93400000)]
  0x00000236d9b9e210 JavaThread "Monitor Deflation Thread" daemon [_thread_blocked, id=21104, stack(0x000000ee93400000,0x000000ee93500000)]
=>0x00000236d9baa310 JavaThread "C2 CompilerThread0" daemon [_thread_in_native, id=31816, stack(0x000000ee93500000,0x000000ee93600000)]
  0x00000236d9bf5810 JavaThread "C1 CompilerThread0" daemon [_thread_blocked, id=5904, stack(0x000000ee93600000,0x000000ee93700000)]
  0x00000236d9c104e0 JavaThread "Sweeper thread" daemon [_thread_blocked, id=24472, stack(0x000000ee93700000,0x000000ee93800000)]
  0x00000236d9e51090 JavaThread "Common-Cleaner" daemon [_thread_blocked, id=30856, stack(0x000000ee93800000,0x000000ee93900000)]
  0x00000236de8c2890 JavaThread "Notification Thread" daemon [_thread_blocked, id=25052, stack(0x000000ee93a00000,0x000000ee93b00000)]
  0x00000236e34f0740 JavaThread "Exec Default Executor" daemon [_thread_in_native, id=24016, stack(0x000000ee94600000,0x000000ee94700000)]
  0x00000236e34f10e0 JavaThread "UrlChecker-2" daemon [_thread_blocked, id=30484, stack(0x000000ee94700000,0x000000ee94800000)]
  0x00000236e34f0c10 JavaThread "Exec Stream Pumper" daemon [_thread_in_native, id=6268, stack(0x000000ee94900000,0x000000ee94a00000)]
  0x00000236e34f15b0 JavaThread "Exec Stream Pumper" daemon [_thread_in_native, id=23272, stack(0x000000ee94a00000,0x000000ee94b00000)]
  0x00000236e259e000 JavaThread "ForkJoinPool.commonPool-worker-1" daemon [_thread_blocked, id=27424, stack(0x000000ee94c00000,0x000000ee94d00000)]
  0x00000236e259d660 JavaThread "ForkJoinPool.commonPool-worker-2" daemon [_thread_blocked, id=27612, stack(0x000000ee94d00000,0x000000ee94e00000)]
  0x00000236e2598490 JavaThread "OkHttp ConnectionPool" daemon [_thread_blocked, id=9860, stack(0x000000ee94e00000,0x000000ee94f00000)]
  0x00000236e2598960 JavaThread "Okio Watchdog" daemon [_thread_blocked, id=26160, stack(0x000000ee94f00000,0x000000ee95000000)]

Other Threads:
  0x00000236d950fbb0 VMThread "VM Thread" [stack: 0x000000ee92e00000,0x000000ee92f00000] [id=21620]
  0x00000236d937a650 WatcherThread [stack: 0x000000ee93b00000,0x000000ee93c00000] [id=30120]
  0x00000236bfaf0170 GCTaskThread "GC Thread#0" [stack: 0x000000ee92900000,0x000000ee92a00000] [id=2328]
  0x00000236dec9bf00 GCTaskThread "GC Thread#1" [stack: 0x000000ee93c00000,0x000000ee93d00000] [id=31940]
  0x00000236de9175e0 GCTaskThread "GC Thread#2" [stack: 0x000000ee93d00000,0x000000ee93e00000] [id=10872]
  0x00000236dec36020 GCTaskThread "GC Thread#3" [stack: 0x000000ee93e00000,0x000000ee93f00000] [id=32304]
  0x00000236dec362d0 GCTaskThread "GC Thread#4" [stack: 0x000000ee93f00000,0x000000ee94000000] [id=6608]
  0x00000236dec36580 GCTaskThread "GC Thread#5" [stack: 0x000000ee94000000,0x000000ee94100000] [id=13628]
  0x00000236e0e14640 GCTaskThread "GC Thread#6" [stack: 0x000000ee94200000,0x000000ee94300000] [id=20820]
  0x00000236e0ff6e60 GCTaskThread "GC Thread#7" [stack: 0x000000ee94300000,0x000000ee94400000] [id=26652]
  0x00000236bfb010b0 ConcurrentGCThread "G1 Main Marker" [stack: 0x000000ee92a00000,0x000000ee92b00000] [id=12436]
  0x00000236bfb01ac0 ConcurrentGCThread "G1 Conc#0" [stack: 0x000000ee92b00000,0x000000ee92c00000] [id=14312]
  0x00000236e3d39bc0 ConcurrentGCThread "G1 Conc#1" [stack: 0x000000ee94400000,0x000000ee94500000] [id=24452]
  0x00000236d943f730 ConcurrentGCThread "G1 Refine#0" [stack: 0x000000ee92c00000,0x000000ee92d00000] [id=32128]
  0x00000236d9440150 ConcurrentGCThread "G1 Service" [stack: 0x000000ee92d00000,0x000000ee92e00000] [id=24196]

Threads with active compile tasks:
C2 CompilerThread0    59848 5980       4       jdk.internal.org.objectweb.asm.Frame::execute (2305 bytes)

VM state: not at safepoint (normal execution)

VM Mutex/Monitor currently owned by a thread: None

Heap address: 0x0000000080000000, size: 2048 MB, Compressed Oops mode: 32-bit

CDS archive(s) not mapped
Compressed class space mapped at: 0x0000000100000000-0x0000000140000000, reserved size: 1073741824
Narrow klass base: 0x0000000000000000, Narrow klass shift: 3, Narrow klass range: 0x140000000

GC Precious Log:
 CPUs: 8 total, 8 available
 Memory: 16167M
 Large Page Support: Disabled
 NUMA Support: Disabled
 Compressed Oops: Enabled (32-bit)
 Heap Region Size: 1M
 Heap Min Capacity: 8M
 Heap Initial Capacity: 254M
 Heap Max Capacity: 2G
 Pre-touch: Disabled
 Parallel Workers: 8
 Concurrent Workers: 2
 Concurrent Refinement Workers: 8
 Periodic GC: Disabled

Heap:
 garbage-first heap   total 121856K, used 53433K [0x0000000080000000, 0x0000000100000000)
  region size 1024K, 22 young (22528K), 5 survivors (5120K)
 Metaspace       used 45024K, committed 45568K, reserved 1114112K
  class space    used 4986K, committed 5248K, reserved 1048576K

Heap Regions: E=young(eden), S=young(survivor), O=old, HS=humongous(starts), HC=humongous(continues), CS=collection set, F=free, OA=open archive, CA=closed archive, TAMS=top-at-mark-start (previous, next)
|   0|0x0000000080000000, 0x0000000080100000, 0x0000000080100000|100%|HS|  |TAMS 0x0000000080100000, 0x0000000080000000| Complete 
|   1|0x0000000080100000, 0x0000000080200000, 0x0000000080200000|100%|HS|  |TAMS 0x0000000080200000, 0x0000000080100000| Complete 
|   2|0x0000000080200000, 0x0000000080300000, 0x0000000080300000|100%|HS|  |TAMS 0x0000000080300000, 0x0000000080200000| Complete 
|   3|0x0000000080300000, 0x0000000080400000, 0x0000000080400000|100%| O|  |TAMS 0x0000000080400000, 0x0000000080300000| Untracked 
|   4|0x0000000080400000, 0x0000000080500000, 0x0000000080500000|100%| O|  |TAMS 0x0000000080500000, 0x0000000080400000| Untracked 
|   5|0x0000000080500000, 0x0000000080600000, 0x0000000080600000|100%| O|  |TAMS 0x0000000080600000, 0x0000000080500000| Untracked 
|   6|0x0000000080600000, 0x0000000080700000, 0x0000000080700000|100%| O|  |TAMS 0x0000000080700000, 0x0000000080600000| Untracked 
|   7|0x0000000080700000, 0x0000000080800000, 0x0000000080800000|100%| O|  |TAMS 0x0000000080800000, 0x0000000080700000| Untracked 
|   8|0x0000000080800000, 0x0000000080900000, 0x0000000080900000|100%| O|  |TAMS 0x0000000080900000, 0x0000000080800000| Untracked 
|   9|0x0000000080900000, 0x0000000080a00000, 0x0000000080a00000|100%| O|  |TAMS 0x0000000080a00000, 0x0000000080900000| Untracked 
|  10|0x0000000080a00000, 0x0000000080b00000, 0x0000000080b00000|100%| O|  |TAMS 0x0000000080b00000, 0x0000000080a00000| Untracked 
|  11|0x0000000080b00000, 0x0000000080c00000, 0x0000000080c00000|100%| O|  |TAMS 0x0000000080c00000, 0x0000000080b00000| Untracked 
|  12|0x0000000080c00000, 0x0000000080d00000, 0x0000000080d00000|100%| O|  |TAMS 0x0000000080d00000, 0x0000000080c00000| Untracked 
|  13|0x0000000080d00000, 0x0000000080e00000, 0x0000000080e00000|100%| O|  |TAMS 0x0000000080e00000, 0x0000000080d00000| Untracked 
|  14|0x0000000080e00000, 0x0000000080e0e400, 0x0000000080f00000|  5%| O|  |TAMS 0x0000000080e0e400, 0x0000000080e00000| Untracked 
|  15|0x0000000080f00000, 0x0000000081000000, 0x0000000081000000|100%| O|  |TAMS 0x0000000081000000, 0x0000000080f00000| Untracked 
|  16|0x0000000081000000, 0x0000000081100000, 0x0000000081100000|100%| O|  |TAMS 0x0000000081100000, 0x0000000081000000| Untracked 
|  17|0x0000000081100000, 0x0000000081200000, 0x0000000081200000|100%| O|  |TAMS 0x0000000081200000, 0x0000000081100000| Untracked 
|  18|0x0000000081200000, 0x0000000081300000, 0x0000000081300000|100%| O|  |TAMS 0x0000000081300000, 0x0000000081200000| Untracked 
|  19|0x0000000081300000, 0x0000000081400000, 0x0000000081400000|100%| O|  |TAMS 0x0000000081400000, 0x0000000081300000| Untracked 
|  20|0x0000000081400000, 0x0000000081500000, 0x0000000081500000|100%| O|  |TAMS 0x0000000081500000, 0x0000000081400000| Untracked 
|  21|0x0000000081500000, 0x0000000081600000, 0x0000000081600000|100%| O|  |TAMS 0x0000000081600000, 0x0000000081500000| Untracked 
|  22|0x0000000081600000, 0x0000000081700000, 0x0000000081700000|100%| O|  |TAMS 0x0000000081600000, 0x0000000081600000| Untracked 
|  23|0x0000000081700000, 0x0000000081800000, 0x0000000081800000|100%| O|  |TAMS 0x0000000081700000, 0x0000000081700000| Untracked 
|  24|0x0000000081800000, 0x0000000081900000, 0x0000000081900000|100%| O|  |TAMS 0x0000000081800000, 0x0000000081800000| Untracked 
|  25|0x0000000081900000, 0x0000000081a00000, 0x0000000081a00000|100%| O|  |TAMS 0x0000000081a00000, 0x0000000081900000| Untracked 
|  26|0x0000000081a00000, 0x0000000081b00000, 0x0000000081b00000|100%| O|  |TAMS 0x0000000081b00000, 0x0000000081a00000| Untracked 
|  27|0x0000000081b00000, 0x0000000081c00000, 0x0000000081c00000|100%| O|  |TAMS 0x0000000081c00000, 0x0000000081b00000| Untracked 
|  28|0x0000000081c00000, 0x0000000081d00000, 0x0000000081d00000|100%| O|  |TAMS 0x0000000081d00000, 0x0000000081c00000| Untracked 
|  29|0x0000000081d00000, 0x0000000081e00000, 0x0000000081e00000|100%| O|  |TAMS 0x0000000081e00000, 0x0000000081d00000| Untracked 
|  30|0x0000000081e00000, 0x0000000081f00000, 0x0000000081f00000|100%| O|  |TAMS 0x0000000081e33400, 0x0000000081e00000| Untracked 
|  31|0x0000000081f00000, 0x0000000082000000, 0x0000000082000000|100%| O|  |TAMS 0x0000000081f00000, 0x0000000081f00000| Untracked 
|  32|0x0000000082000000, 0x00000000820a0000, 0x0000000082100000| 62%| O|  |TAMS 0x0000000082000000, 0x0000000082000000| Untracked 
|  33|0x0000000082100000, 0x0000000082100000, 0x0000000082200000|  0%| F|  |TAMS 0x0000000082100000, 0x0000000082100000| Untracked 
|  34|0x0000000082200000, 0x0000000082200000, 0x0000000082300000|  0%| F|  |TAMS 0x0000000082200000, 0x0000000082200000| Untracked 
|  35|0x0000000082300000, 0x0000000082300000, 0x0000000082400000|  0%| F|  |TAMS 0x0000000082300000, 0x0000000082300000| Untracked 
|  36|0x0000000082400000, 0x0000000082400000, 0x0000000082500000|  0%| F|  |TAMS 0x0000000082400000, 0x0000000082400000| Untracked 
|  37|0x0000000082500000, 0x0000000082500000, 0x0000000082600000|  0%| F|  |TAMS 0x0000000082500000, 0x0000000082500000| Untracked 
|  38|0x0000000082600000, 0x0000000082600000, 0x0000000082700000|  0%| F|  |TAMS 0x0000000082600000, 0x0000000082600000| Untracked 
|  39|0x0000000082700000, 0x0000000082700000, 0x0000000082800000|  0%| F|  |TAMS 0x0000000082700000, 0x0000000082700000| Untracked 
|  40|0x0000000082800000, 0x0000000082800000, 0x0000000082900000|  0%| F|  |TAMS 0x0000000082800000, 0x0000000082800000| Untracked 
|  41|0x0000000082900000, 0x0000000082900000, 0x0000000082a00000|  0%| F|  |TAMS 0x0000000082900000, 0x0000000082900000| Untracked 
|  42|0x0000000082a00000, 0x0000000082a00000, 0x0000000082b00000|  0%| F|  |TAMS 0x0000000082a00000, 0x0000000082a00000| Untracked 
|  43|0x0000000082b00000, 0x0000000082b00000, 0x0000000082c00000|  0%| F|  |TAMS 0x0000000082b00000, 0x0000000082b00000| Untracked 
|  44|0x0000000082c00000, 0x0000000082c00000, 0x0000000082d00000|  0%| F|  |TAMS 0x0000000082c00000, 0x0000000082c00000| Untracked 
|  45|0x0000000082d00000, 0x0000000082d00000, 0x0000000082e00000|  0%| F|  |TAMS 0x0000000082d00000, 0x0000000082d00000| Untracked 
|  46|0x0000000082e00000, 0x0000000082e00000, 0x0000000082f00000|  0%| F|  |TAMS 0x0000000082e00000, 0x0000000082e00000| Untracked 
|  47|0x0000000082f00000, 0x0000000082f00000, 0x0000000083000000|  0%| F|  |TAMS 0x0000000082f00000, 0x0000000082f00000| Untracked 
|  48|0x0000000083000000, 0x0000000083000000, 0x0000000083100000|  0%| F|  |TAMS 0x0000000083000000, 0x0000000083000000| Untracked 
|  49|0x0000000083100000, 0x0000000083100000, 0x0000000083200000|  0%| F|  |TAMS 0x0000000083100000, 0x0000000083100000| Untracked 
|  50|0x0000000083200000, 0x0000000083200000, 0x0000000083300000|  0%| F|  |TAMS 0x0000000083200000, 0x0000000083200000| Untracked 
|  51|0x0000000083300000, 0x0000000083380000, 0x0000000083400000| 50%| S|CS|TAMS 0x0000000083300000, 0x0000000083300000| Complete 
|  52|0x0000000083400000, 0x0000000083500000, 0x0000000083500000|100%| S|CS|TAMS 0x0000000083400000, 0x0000000083400000| Complete 
|  53|0x0000000083500000, 0x0000000083600000, 0x0000000083600000|100%| S|CS|TAMS 0x0000000083500000, 0x0000000083500000| Complete 
|  54|0x0000000083600000, 0x0000000083700000, 0x0000000083700000|100%| S|CS|TAMS 0x0000000083600000, 0x0000000083600000| Complete 
|  55|0x0000000083700000, 0x0000000083800000, 0x0000000083800000|100%| S|CS|TAMS 0x0000000083700000, 0x0000000083700000| Complete 
|  56|0x0000000083800000, 0x0000000083800000, 0x0000000083900000|  0%| F|  |TAMS 0x0000000083800000, 0x0000000083800000| Untracked 
|  57|0x0000000083900000, 0x0000000083900000, 0x0000000083a00000|  0%| F|  |TAMS 0x0000000083900000, 0x0000000083900000| Untracked 
|  58|0x0000000083a00000, 0x0000000083a00000, 0x0000000083b00000|  0%| F|  |TAMS 0x0000000083a00000, 0x0000000083a00000| Untracked 
|  59|0x0000000083b00000, 0x0000000083b00000, 0x0000000083c00000|  0%| F|  |TAMS 0x0000000083b00000, 0x0000000083b00000| Untracked 
|  60|0x0000000083c00000, 0x0000000083c00000, 0x0000000083d00000|  0%| F|  |TAMS 0x0000000083c00000, 0x0000000083c00000| Untracked 
|  61|0x0000000083d00000, 0x0000000083d00000, 0x0000000083e00000|  0%| F|  |TAMS 0x0000000083d00000, 0x0000000083d00000| Untracked 
|  62|0x0000000083e00000, 0x0000000083e00000, 0x0000000083f00000|  0%| F|  |TAMS 0x0000000083e00000, 0x0000000083e00000| Untracked 
|  63|0x0000000083f00000, 0x0000000083f00000, 0x0000000084000000|  0%| F|  |TAMS 0x0000000083f00000, 0x0000000083f00000| Untracked 
|  64|0x0000000084000000, 0x0000000084000000, 0x0000000084100000|  0%| F|  |TAMS 0x0000000084000000, 0x0000000084000000| Untracked 
|  65|0x0000000084100000, 0x0000000084100000, 0x0000000084200000|  0%| F|  |TAMS 0x0000000084100000, 0x0000000084100000| Untracked 
|  66|0x0000000084200000, 0x0000000084200000, 0x0000000084300000|  0%| F|  |TAMS 0x0000000084200000, 0x0000000084200000| Untracked 
|  67|0x0000000084300000, 0x0000000084300000, 0x0000000084400000|  0%| F|  |TAMS 0x0000000084300000, 0x0000000084300000| Untracked 
|  68|0x0000000084400000, 0x0000000084400000, 0x0000000084500000|  0%| F|  |TAMS 0x0000000084400000, 0x0000000084400000| Untracked 
|  69|0x0000000084500000, 0x0000000084500000, 0x0000000084600000|  0%| F|  |TAMS 0x0000000084500000, 0x0000000084500000| Untracked 
|  70|0x0000000084600000, 0x0000000084600000, 0x0000000084700000|  0%| F|  |TAMS 0x0000000084600000, 0x0000000084600000| Untracked 
|  71|0x0000000084700000, 0x0000000084700000, 0x0000000084800000|  0%| F|  |TAMS 0x0000000084700000, 0x0000000084700000| Untracked 
|  72|0x0000000084800000, 0x0000000084800000, 0x0000000084900000|  0%| F|  |TAMS 0x0000000084800000, 0x0000000084800000| Untracked 
|  73|0x0000000084900000, 0x0000000084900000, 0x0000000084a00000|  0%| F|  |TAMS 0x0000000084900000, 0x0000000084900000| Untracked 
|  74|0x0000000084a00000, 0x0000000084a00000, 0x0000000084b00000|  0%| F|  |TAMS 0x0000000084a00000, 0x0000000084a00000| Untracked 
|  75|0x0000000084b00000, 0x0000000084b00000, 0x0000000084c00000|  0%| F|  |TAMS 0x0000000084b00000, 0x0000000084b00000| Untracked 
|  76|0x0000000084c00000, 0x0000000084c00000, 0x0000000084d00000|  0%| F|  |TAMS 0x0000000084c00000, 0x0000000084c00000| Untracked 
|  77|0x0000000084d00000, 0x0000000084d00000, 0x0000000084e00000|  0%| F|  |TAMS 0x0000000084d00000, 0x0000000084d00000| Untracked 
|  78|0x0000000084e00000, 0x0000000084e00000, 0x0000000084f00000|  0%| F|  |TAMS 0x0000000084e00000, 0x0000000084e00000| Untracked 
|  79|0x0000000084f00000, 0x0000000084f00000, 0x0000000085000000|  0%| F|  |TAMS 0x0000000084f00000, 0x0000000084f00000| Untracked 
|  80|0x0000000085000000, 0x0000000085000000, 0x0000000085100000|  0%| F|  |TAMS 0x0000000085000000, 0x0000000085000000| Untracked 
|  81|0x0000000085100000, 0x0000000085100000, 0x0000000085200000|  0%| F|  |TAMS 0x0000000085100000, 0x0000000085100000| Untracked 
|  82|0x0000000085200000, 0x0000000085200000, 0x0000000085300000|  0%| F|  |TAMS 0x0000000085200000, 0x0000000085200000| Untracked 
|  83|0x0000000085300000, 0x0000000085300000, 0x0000000085400000|  0%| F|  |TAMS 0x0000000085300000, 0x0000000085300000| Untracked 
|  84|0x0000000085400000, 0x0000000085400000, 0x0000000085500000|  0%| F|  |TAMS 0x0000000085400000, 0x0000000085400000| Untracked 
|  85|0x0000000085500000, 0x0000000085500000, 0x0000000085600000|  0%| F|  |TAMS 0x0000000085500000, 0x0000000085500000| Untracked 
|  86|0x0000000085600000, 0x0000000085600000, 0x0000000085700000|  0%| F|  |TAMS 0x0000000085600000, 0x0000000085600000| Untracked 
|  87|0x0000000085700000, 0x0000000085700000, 0x0000000085800000|  0%| F|  |TAMS 0x0000000085700000, 0x0000000085700000| Untracked 
|  88|0x0000000085800000, 0x0000000085800000, 0x0000000085900000|  0%| F|  |TAMS 0x0000000085800000, 0x0000000085800000| Untracked 
|  89|0x0000000085900000, 0x0000000085900000, 0x0000000085a00000|  0%| F|  |TAMS 0x0000000085900000, 0x0000000085900000| Untracked 
|  90|0x0000000085a00000, 0x0000000085a00000, 0x0000000085b00000|  0%| F|  |TAMS 0x0000000085a00000, 0x0000000085a00000| Untracked 
|  91|0x0000000085b00000, 0x0000000085b00000, 0x0000000085c00000|  0%| F|  |TAMS 0x0000000085b00000, 0x0000000085b00000| Untracked 
|  92|0x0000000085c00000, 0x0000000085c00000, 0x0000000085d00000|  0%| F|  |TAMS 0x0000000085c00000, 0x0000000085c00000| Untracked 
|  93|0x0000000085d00000, 0x0000000085d00000, 0x0000000085e00000|  0%| F|  |TAMS 0x0000000085d00000, 0x0000000085d00000| Untracked 
|  94|0x0000000085e00000, 0x0000000085e00000, 0x0000000085f00000|  0%| F|  |TAMS 0x0000000085e00000, 0x0000000085e00000| Untracked 
|  95|0x0000000085f00000, 0x0000000085f00000, 0x0000000086000000|  0%| F|  |TAMS 0x0000000085f00000, 0x0000000085f00000| Untracked 
|  96|0x0000000086000000, 0x0000000086000000, 0x0000000086100000|  0%| F|  |TAMS 0x0000000086000000, 0x0000000086000000| Untracked 
|  97|0x0000000086100000, 0x0000000086100000, 0x0000000086200000|  0%| F|  |TAMS 0x0000000086100000, 0x0000000086100000| Untracked 
|  98|0x0000000086200000, 0x0000000086200000, 0x0000000086300000|  0%| F|  |TAMS 0x0000000086200000, 0x0000000086200000| Untracked 
|  99|0x0000000086300000, 0x0000000086300000, 0x0000000086400000|  0%| F|  |TAMS 0x0000000086300000, 0x0000000086300000| Untracked 
| 100|0x0000000086400000, 0x0000000086400000, 0x0000000086500000|  0%| F|  |TAMS 0x0000000086400000, 0x0000000086400000| Untracked 
| 101|0x0000000086500000, 0x0000000086500000, 0x0000000086600000|  0%| F|  |TAMS 0x0000000086500000, 0x0000000086500000| Untracked 
| 102|0x0000000086600000, 0x0000000086680800, 0x0000000086700000| 50%| E|  |TAMS 0x0000000086600000, 0x0000000086600000| Complete 
| 103|0x0000000086700000, 0x0000000086800000, 0x0000000086800000|100%| E|CS|TAMS 0x0000000086700000, 0x0000000086700000| Complete 
| 104|0x0000000086800000, 0x0000000086900000, 0x0000000086900000|100%| E|CS|TAMS 0x0000000086800000, 0x0000000086800000| Complete 
| 105|0x0000000086900000, 0x0000000086a00000, 0x0000000086a00000|100%| E|CS|TAMS 0x0000000086900000, 0x0000000086900000| Complete 
| 106|0x0000000086a00000, 0x0000000086b00000, 0x0000000086b00000|100%| E|CS|TAMS 0x0000000086a00000, 0x0000000086a00000| Complete 
| 107|0x0000000086b00000, 0x0000000086c00000, 0x0000000086c00000|100%| E|CS|TAMS 0x0000000086b00000, 0x0000000086b00000| Complete 
| 108|0x0000000086c00000, 0x0000000086d00000, 0x0000000086d00000|100%| E|CS|TAMS 0x0000000086c00000, 0x0000000086c00000| Complete 
| 109|0x0000000086d00000, 0x0000000086e00000, 0x0000000086e00000|100%| E|CS|TAMS 0x0000000086d00000, 0x0000000086d00000| Complete 
| 110|0x0000000086e00000, 0x0000000086f00000, 0x0000000086f00000|100%| E|CS|TAMS 0x0000000086e00000, 0x0000000086e00000| Complete 
| 223|0x000000008df00000, 0x000000008e000000, 0x000000008e000000|100%| E|CS|TAMS 0x000000008df00000, 0x000000008df00000| Complete 
| 224|0x000000008e000000, 0x000000008e100000, 0x000000008e100000|100%| E|CS|TAMS 0x000000008e000000, 0x000000008e000000| Complete 
| 225|0x000000008e100000, 0x000000008e200000, 0x000000008e200000|100%| E|CS|TAMS 0x000000008e100000, 0x000000008e100000| Complete 
| 226|0x000000008e200000, 0x000000008e300000, 0x000000008e300000|100%| E|CS|TAMS 0x000000008e200000, 0x000000008e200000| Complete 
| 227|0x000000008e300000, 0x000000008e400000, 0x000000008e400000|100%| E|CS|TAMS 0x000000008e300000, 0x000000008e300000| Complete 
| 228|0x000000008e400000, 0x000000008e500000, 0x000000008e500000|100%| E|CS|TAMS 0x000000008e400000, 0x000000008e400000| Complete 
| 229|0x000000008e500000, 0x000000008e600000, 0x000000008e600000|100%| E|CS|TAMS 0x000000008e500000, 0x000000008e500000| Complete 
| 253|0x000000008fd00000, 0x000000008fe00000, 0x000000008fe00000|100%| E|CS|TAMS 0x000000008fd00000, 0x000000008fd00000| Complete 

Card table byte_map: [0x00000236d2840000,0x00000236d2c40000] _byte_map_base: 0x00000236d2440000

Marking Bits (Prev, Next): (CMBitMap*) 0x00000236bfaf0780, (CMBitMap*) 0x00000236bfaf07c0
 Prev Bits: [0x00000236d3040000, 0x00000236d5040000)
 Next Bits: [0x00000236d5040000, 0x00000236d7040000)

Polling page: 0x00000236bda40000

Metaspace:

Usage:
  Non-class:     39.10 MB used.
      Class:      4.87 MB used.
       Both:     43.97 MB used.

Virtual space:
  Non-class space:       64.00 MB reserved,      39.38 MB ( 62%) committed,  1 nodes.
      Class space:        1.00 GB reserved,       5.12 MB ( <1%) committed,  1 nodes.
             Both:        1.06 GB reserved,      44.50 MB (  4%) committed. 

Chunk freelists:
   Non-Class:  8.14 MB
       Class:  10.73 MB
        Both:  18.87 MB

MaxMetaspaceSize: unlimited
CompressedClassSpaceSize: 1.00 GB
Initial GC threshold: 21.00 MB
Current GC threshold: 59.00 MB
CDS: off
MetaspaceReclaimPolicy: balanced
 - commit_granule_bytes: 65536.
 - commit_granule_words: 8192.
 - virtual_space_node_default_size: 8388608.
 - enlarge_chunks_in_place: 1.
 - new_chunks_are_fully_committed: 0.
 - uncommit_free_chunks: 1.
 - use_allocation_guard: 0.
 - handle_deallocations: 1.


Internal statistics:

num_allocs_failed_limit: 6.
num_arena_births: 734.
num_arena_deaths: 0.
num_vsnodes_births: 2.
num_vsnodes_deaths: 0.
num_space_committed: 712.
num_space_uncommitted: 0.
num_chunks_returned_to_freelist: 6.
num_chunks_taken_from_freelist: 1893.
num_chunk_merges: 6.
num_chunk_splits: 1251.
num_chunks_enlarged: 812.
num_inconsistent_stats: 0.

CodeHeap 'non-profiled nmethods': size=120000Kb used=3549Kb max_used=3549Kb free=116450Kb
 bounds [0x00000236cabd0000, 0x00000236caf50000, 0x00000236d2100000]
CodeHeap 'profiled nmethods': size=120000Kb used=9540Kb max_used=9540Kb free=110459Kb
 bounds [0x00000236c3100000, 0x00000236c3a60000, 0x00000236ca630000]
CodeHeap 'non-nmethods': size=5760Kb used=2327Kb max_used=2373Kb free=3432Kb
 bounds [0x00000236ca630000, 0x00000236ca8a0000, 0x00000236cabd0000]
 total_blobs=6008 nmethods=5178 adapters=742
 compilation: enabled
              stopped_count=0, restarted_count=0
 full_count=0

Compilation events (20 events):
Event: 59.623 Thread 0x00000236d9bf5810 5988       3       sun.nio.fs.WindowsFileSystemProvider::readAttributes (63 bytes)
Event: 59.624 Thread 0x00000236d9bf5810 nmethod 5988 0x00000236c3a49410 code [0x00000236c3a49620, 0x00000236c3a49c38]
Event: 59.624 Thread 0x00000236d9bf5810 5995   !   3       sun.nio.fs.WindowsFileAttributes::get (236 bytes)
Event: 59.629 Thread 0x00000236d9bf5810 nmethod 5995 0x00000236c3a49e10 code [0x00000236c3a4a240, 0x00000236c3a4bc68]
Event: 59.629 Thread 0x00000236d9bf5810 5989       3       sun.nio.fs.WindowsFileSystemProvider::getFileAttributeView (118 bytes)
Event: 59.631 Thread 0x00000236d9bf5810 nmethod 5989 0x00000236c3a4ca90 code [0x00000236c3a4cda0, 0x00000236c3a4df68]
Event: 59.631 Thread 0x00000236d9bf5810 5990       3       sun.nio.fs.WindowsFileAttributeViews::createBasicView (10 bytes)
Event: 59.632 Thread 0x00000236d9bf5810 nmethod 5990 0x00000236c3a4e490 code [0x00000236c3a4e640, 0x00000236c3a4e8f8]
Event: 59.632 Thread 0x00000236d9bf5810 5991       3       sun.nio.fs.WindowsFileAttributeViews$Basic::<init> (15 bytes)
Event: 59.632 Thread 0x00000236d9bf5810 nmethod 5991 0x00000236c3a4ea10 code [0x00000236c3a4ebc0, 0x00000236c3a4edf8]
Event: 59.632 Thread 0x00000236d9bf5810 5992       3       sun.nio.fs.AbstractBasicFileAttributeView::<init> (5 bytes)
Event: 59.632 Thread 0x00000236d9bf5810 nmethod 5992 0x00000236c3a4ef10 code [0x00000236c3a4f0a0, 0x00000236c3a4f1f8]
Event: 59.632 Thread 0x00000236d9bf5810 5993       3       sun.nio.fs.WindowsFileAttributeViews$Basic::readAttributes (5 bytes)
Event: 59.633 Thread 0x00000236d9bf5810 nmethod 5993 0x00000236c3a4f290 code [0x00000236c3a4f4a0, 0x00000236c3a4fac8]
Event: 59.633 Thread 0x00000236d9bf5810 5994   !   3       sun.nio.fs.WindowsFileAttributeViews$Basic::readAttributes (30 bytes)
Event: 59.634 Thread 0x00000236d9bf5810 nmethod 5994 0x00000236c3a4fd10 code [0x00000236c3a4ff00, 0x00000236c3a504c8]
Event: 59.765 Thread 0x00000236d9bf5810 5997       3       com.google.common.collect.ImmutableMap$Builder::buildOrThrow (6 bytes)
Event: 59.766 Thread 0x00000236d9bf5810 nmethod 5997 0x00000236c3a50710 code [0x00000236c3a508a0, 0x00000236c3a509e8]
Event: 59.766 Thread 0x00000236d9bf5810 5998       3       com.google.common.collect.ImmutableMap$Builder::build (170 bytes)
Event: 59.769 Thread 0x00000236d9bf5810 nmethod 5998 0x00000236c3a50a90 code [0x00000236c3a50de0, 0x00000236c3a52478]

GC Heap History (20 events):
Event: 1.879 GC heap before
{Heap before GC invocations=3 (full 0):
 garbage-first heap   total 260096K, used 43799K [0x0000000080000000, 0x0000000100000000)
  region size 1024K, 30 young (30720K), 6 survivors (6144K)
 Metaspace       used 21370K, committed 21504K, reserved 1114112K
  class space    used 2243K, committed 2304K, reserved 1048576K
}
Event: 1.884 GC heap after
{Heap after GC invocations=4 (full 0):
 garbage-first heap   total 260096K, used 21371K [0x0000000080000000, 0x0000000100000000)
  region size 1024K, 7 young (7168K), 7 survivors (7168K)
 Metaspace       used 21370K, committed 21504K, reserved 1114112K
  class space    used 2243K, committed 2304K, reserved 1048576K
}
Event: 2.092 GC heap before
{Heap before GC invocations=5 (full 0):
 garbage-first heap   total 78848K, used 59259K [0x0000000080000000, 0x0000000100000000)
  region size 1024K, 45 young (46080K), 7 survivors (7168K)
 Metaspace       used 22069K, committed 22336K, reserved 1114112K
  class space    used 2312K, committed 2432K, reserved 1048576K
}
Event: 2.099 GC heap after
{Heap after GC invocations=6 (full 0):
 garbage-first heap   total 78848K, used 22161K [0x0000000080000000, 0x0000000100000000)
  region size 1024K, 8 young (8192K), 8 survivors (8192K)
 Metaspace       used 22069K, committed 22336K, reserved 1114112K
  class space    used 2312K, committed 2432K, reserved 1048576K
}
Event: 2.459 GC heap before
{Heap before GC invocations=6 (full 0):
 garbage-first heap   total 78848K, used 53905K [0x0000000080000000, 0x0000000100000000)
  region size 1024K, 39 young (39936K), 8 survivors (8192K)
 Metaspace       used 24578K, committed 24896K, reserved 1114112K
  class space    used 2567K, committed 2688K, reserved 1048576K
}
Event: 2.467 GC heap after
{Heap after GC invocations=7 (full 0):
 garbage-first heap   total 78848K, used 23792K [0x0000000080000000, 0x0000000100000000)
  region size 1024K, 4 young (4096K), 4 survivors (4096K)
 Metaspace       used 24578K, committed 24896K, reserved 1114112K
  class space    used 2567K, committed 2688K, reserved 1048576K
}
Event: 3.083 GC heap before
{Heap before GC invocations=7 (full 0):
 garbage-first heap   total 78848K, used 55536K [0x0000000080000000, 0x0000000100000000)
  region size 1024K, 35 young (35840K), 4 survivors (4096K)
 Metaspace       used 31209K, committed 31552K, reserved 1114112K
  class space    used 3326K, committed 3520K, reserved 1048576K
}
Event: 3.089 GC heap after
{Heap after GC invocations=8 (full 0):
 garbage-first heap   total 78848K, used 26681K [0x0000000080000000, 0x0000000100000000)
  region size 1024K, 5 young (5120K), 5 survivors (5120K)
 Metaspace       used 31209K, committed 31552K, reserved 1114112K
  class space    used 3326K, committed 3520K, reserved 1048576K
}
Event: 3.242 GC heap before
{Heap before GC invocations=8 (full 0):
 garbage-first heap   total 78848K, used 60473K [0x0000000080000000, 0x0000000100000000)
  region size 1024K, 35 young (35840K), 5 survivors (5120K)
 Metaspace       used 32669K, committed 33024K, reserved 1114112K
  class space    used 3445K, committed 3648K, reserved 1048576K
}
Event: 3.249 GC heap after
{Heap after GC invocations=9 (full 0):
 garbage-first heap   total 101376K, used 28405K [0x0000000080000000, 0x0000000100000000)
  region size 1024K, 2 young (2048K), 2 survivors (2048K)
 Metaspace       used 32669K, committed 33024K, reserved 1114112K
  class space    used 3445K, committed 3648K, reserved 1048576K
}
Event: 3.459 GC heap before
{Heap before GC invocations=9 (full 0):
 garbage-first heap   total 101376K, used 76533K [0x0000000080000000, 0x0000000100000000)
  region size 1024K, 49 young (50176K), 2 survivors (2048K)
 Metaspace       used 33368K, committed 33728K, reserved 1114112K
  class space    used 3544K, committed 3712K, reserved 1048576K
}
Event: 3.465 GC heap after
{Heap after GC invocations=10 (full 0):
 garbage-first heap   total 101376K, used 28259K [0x0000000080000000, 0x0000000100000000)
  region size 1024K, 2 young (2048K), 2 survivors (2048K)
 Metaspace       used 33368K, committed 33728K, reserved 1114112K
  class space    used 3544K, committed 3712K, reserved 1048576K
}
Event: 3.834 GC heap before
{Heap before GC invocations=10 (full 0):
 garbage-first heap   total 101376K, used 78435K [0x0000000080000000, 0x0000000100000000)
  region size 1024K, 51 young (52224K), 2 survivors (2048K)
 Metaspace       used 35025K, committed 35456K, reserved 1114112K
  class space    used 3697K, committed 3904K, reserved 1048576K
}
Event: 3.839 GC heap after
{Heap after GC invocations=11 (full 0):
 garbage-first heap   total 101376K, used 29870K [0x0000000080000000, 0x0000000100000000)
  region size 1024K, 3 young (3072K), 3 survivors (3072K)
 Metaspace       used 35025K, committed 35456K, reserved 1114112K
  class space    used 3697K, committed 3904K, reserved 1048576K
}
Event: 3.984 GC heap before
{Heap before GC invocations=11 (full 0):
 garbage-first heap   total 101376K, used 62638K [0x0000000080000000, 0x0000000100000000)
  region size 1024K, 36 young (36864K), 3 survivors (3072K)
 Metaspace       used 35711K, committed 36096K, reserved 1114112K
  class space    used 3775K, committed 3968K, reserved 1048576K
}
Event: 3.991 GC heap after
{Heap after GC invocations=12 (full 0):
 garbage-first heap   total 101376K, used 32509K [0x0000000080000000, 0x0000000100000000)
  region size 1024K, 6 young (6144K), 6 survivors (6144K)
 Metaspace       used 35711K, committed 36096K, reserved 1114112K
  class space    used 3775K, committed 3968K, reserved 1048576K
}
Event: 4.795 GC heap before
{Heap before GC invocations=13 (full 0):
 garbage-first heap   total 101376K, used 79613K [0x0000000080000000, 0x0000000100000000)
  region size 1024K, 52 young (53248K), 6 survivors (6144K)
 Metaspace       used 42203K, committed 42752K, reserved 1114112K
  class space    used 4668K, committed 4928K, reserved 1048576K
}
Event: 4.807 GC heap after
{Heap after GC invocations=14 (full 0):
 garbage-first heap   total 101376K, used 35856K [0x0000000080000000, 0x0000000100000000)
  region size 1024K, 6 young (6144K), 6 survivors (6144K)
 Metaspace       used 42203K, committed 42752K, reserved 1114112K
  class space    used 4668K, committed 4928K, reserved 1048576K
}
Event: 53.013 GC heap before
{Heap before GC invocations=14 (full 0):
 garbage-first heap   total 101376K, used 79888K [0x0000000080000000, 0x0000000100000000)
  region size 1024K, 49 young (50176K), 6 survivors (6144K)
 Metaspace       used 44768K, committed 45312K, reserved 1114112K
  class space    used 4972K, committed 5184K, reserved 1048576K
}
Event: 53.032 GC heap after
{Heap after GC invocations=15 (full 0):
 garbage-first heap   total 121856K, used 37049K [0x0000000080000000, 0x0000000100000000)
  region size 1024K, 5 young (5120K), 5 survivors (5120K)
 Metaspace       used 44768K, committed 45312K, reserved 1114112K
  class space    used 4972K, committed 5184K, reserved 1048576K
}

Dll operation events (7 events):
Event: 0.026 Loaded shared library C:\Users\ishai\.katalon\packages\Katalon_Studio_Windows_64-9.6.0\Katalon_Studio_Windows_64-9.6.0\jre\bin\java.dll
Event: 0.251 Loaded shared library C:\Users\ishai\.katalon\packages\Katalon_Studio_Windows_64-9.6.0\Katalon_Studio_Windows_64-9.6.0\jre\bin\net.dll
Event: 0.252 Loaded shared library C:\Users\ishai\.katalon\packages\Katalon_Studio_Windows_64-9.6.0\Katalon_Studio_Windows_64-9.6.0\jre\bin\nio.dll
Event: 0.260 Loaded shared library C:\Users\ishai\.katalon\packages\Katalon_Studio_Windows_64-9.6.0\Katalon_Studio_Windows_64-9.6.0\jre\bin\zip.dll
Event: 0.563 Loaded shared library C:\Users\ishai\.katalon\packages\Katalon_Studio_Windows_64-9.6.0\Katalon_Studio_Windows_64-9.6.0\jre\bin\verify.dll
Event: 0.745 Loaded shared library C:\Users\ishai\.katalon\packages\Katalon_Studio_Windows_64-9.6.0\Katalon_Studio_Windows_64-9.6.0\jre\bin\jimage.dll
Event: 4.349 Loaded shared library C:\Users\ishai\.katalon\packages\Katalon_Studio_Windows_64-9.6.0\Katalon_Studio_Windows_64-9.6.0\jre\bin\sunmscapi.dll

Deoptimization events (20 events):
Event: 52.566 Thread 0x00000236bda0e0f0 DEOPT PACKING pc=0x00000236caf16ba4 sp=0x000000ee928fc020
Event: 52.566 Thread 0x00000236bda0e0f0 DEOPT UNPACKING pc=0x00000236ca68a1a3 sp=0x000000ee928fbfc8 mode 2
Event: 53.704 Thread 0x00000236bda0e0f0 DEOPT PACKING pc=0x00000236c385734e sp=0x000000ee928fa880
Event: 53.704 Thread 0x00000236bda0e0f0 DEOPT UNPACKING pc=0x00000236ca68ace3 sp=0x000000ee928f9d20 mode 0
Event: 54.360 Thread 0x00000236bda0e0f0 Uncommon trap: trap_request=0xfffffff4 fr.pc=0x00000236caf2da38 relative=0x00000000000001d8
Event: 54.360 Thread 0x00000236bda0e0f0 Uncommon trap: reason=null_check action=make_not_entrant pc=0x00000236caf2da38 method=sun.invoke.util.VerifyType.isNullConversion(Ljava/lang/Class;Ljava/lang/Class;Z)Z @ 12 c2
Event: 54.360 Thread 0x00000236bda0e0f0 DEOPT PACKING pc=0x00000236caf2da38 sp=0x000000ee928fc200
Event: 54.360 Thread 0x00000236bda0e0f0 DEOPT UNPACKING pc=0x00000236ca68a1a3 sp=0x000000ee928fc188 mode 2
Event: 55.172 Thread 0x00000236bda0e0f0 Uncommon trap: trap_request=0xfffffff4 fr.pc=0x00000236caf32954 relative=0x00000000000002f4
Event: 55.172 Thread 0x00000236bda0e0f0 Uncommon trap: reason=null_check action=make_not_entrant pc=0x00000236caf32954 method=sun.invoke.util.VerifyType.isNullConversion(Ljava/lang/Class;Ljava/lang/Class;Z)Z @ 67 c2
Event: 55.172 Thread 0x00000236bda0e0f0 DEOPT PACKING pc=0x00000236caf32954 sp=0x000000ee928fc1e0
Event: 55.172 Thread 0x00000236bda0e0f0 DEOPT UNPACKING pc=0x00000236ca68a1a3 sp=0x000000ee928fc180 mode 2
Event: 57.846 Thread 0x00000236bda0e0f0 Uncommon trap: trap_request=0xfffffff4 fr.pc=0x00000236caf399ec relative=0x000000000000038c
Event: 57.846 Thread 0x00000236bda0e0f0 Uncommon trap: reason=null_check action=make_not_entrant pc=0x00000236caf399ec method=sun.invoke.util.VerifyType.isNullConversion(Ljava/lang/Class;Ljava/lang/Class;Z)Z @ 22 c2
Event: 57.846 Thread 0x00000236bda0e0f0 DEOPT PACKING pc=0x00000236caf399ec sp=0x000000ee928fc1e0
Event: 57.846 Thread 0x00000236bda0e0f0 DEOPT UNPACKING pc=0x00000236ca68a1a3 sp=0x000000ee928fc188 mode 2
Event: 59.586 Thread 0x00000236bda0e0f0 Uncommon trap: trap_request=0xffffff45 fr.pc=0x00000236caf458fc relative=0x00000000000008bc
Event: 59.586 Thread 0x00000236bda0e0f0 Uncommon trap: reason=unstable_if action=reinterpret pc=0x00000236caf458fc method=java.lang.AbstractStringBuilder.<init>(Ljava/lang/String;)V @ 40 c2
Event: 59.586 Thread 0x00000236bda0e0f0 DEOPT PACKING pc=0x00000236caf458fc sp=0x000000ee928fc1f0
Event: 59.586 Thread 0x00000236bda0e0f0 DEOPT UNPACKING pc=0x00000236ca68a1a3 sp=0x000000ee928fc1c0 mode 2

Classes unloaded (0 events):
No events

Classes redefined (0 events):
No events

Internal exceptions (20 events):
Event: 32.293 Thread 0x00000236bda0e0f0 Exception <a 'java/lang/reflect/InvocationTargetException'{0x00000000843bba10}> (0x00000000843bba10) 
thrown [s\src\hotspot\share\runtime\reflection.cpp, line 1121]
Event: 34.447 Thread 0x00000236bda0e0f0 Exception <a 'java/lang/reflect/InvocationTargetException'{0x00000000842040c8}> (0x00000000842040c8) 
thrown [s\src\hotspot\share\runtime\reflection.cpp, line 1121]
Event: 36.578 Thread 0x00000236bda0e0f0 Exception <a 'java/lang/reflect/InvocationTargetException'{0x000000008424c2d8}> (0x000000008424c2d8) 
thrown [s\src\hotspot\share\runtime\reflection.cpp, line 1121]
Event: 38.714 Thread 0x00000236bda0e0f0 Exception <a 'java/lang/reflect/InvocationTargetException'{0x0000000084294720}> (0x0000000084294720) 
thrown [s\src\hotspot\share\runtime\reflection.cpp, line 1121]
Event: 40.863 Thread 0x00000236bda0e0f0 Exception <a 'java/lang/reflect/InvocationTargetException'{0x00000000842dc940}> (0x00000000842dc940) 
thrown [s\src\hotspot\share\runtime\reflection.cpp, line 1121]
Event: 43.008 Thread 0x00000236bda0e0f0 Exception <a 'java/lang/reflect/InvocationTargetException'{0x0000000084125030}> (0x0000000084125030) 
thrown [s\src\hotspot\share\runtime\reflection.cpp, line 1121]
Event: 45.113 Thread 0x00000236bda0e0f0 Exception <a 'java/lang/reflect/InvocationTargetException'{0x000000008416d290}> (0x000000008416d290) 
thrown [s\src\hotspot\share\runtime\reflection.cpp, line 1121]
Event: 50.525 Thread 0x00000236bda0e0f0 Exception <a 'java/lang/reflect/InvocationTargetException'{0x0000000083fb1ab0}> (0x0000000083fb1ab0) 
thrown [s\src\hotspot\share\runtime\reflection.cpp, line 1121]
Event: 51.672 Thread 0x00000236bda0e0f0 Exception <a 'java/lang/ClassNotFoundException'{0x0000000083d23b10}: com/kms/katalon/core/webui/keyword/builtin/SetTextKeywordBeanInfo> (0x0000000083d23b10) 
thrown [s\src\hotspot\share\classfile\systemDictionary.cpp, line 256]
Event: 51.677 Thread 0x00000236bda0e0f0 Exception <a 'java/lang/ClassNotFoundException'{0x0000000083d5b838}: com/kms/katalon/core/webui/keyword/builtin/SetTextKeywordCustomizer> (0x0000000083d5b838) 
thrown [s\src\hotspot\share\classfile\systemDictionary.cpp, line 256]
Event: 55.172 Thread 0x00000236bda0e0f0 Implicit null exception at 0x00000236caf32709 to 0x00000236caf32940
Event: 57.846 Thread 0x00000236bda0e0f0 Implicit null exception at 0x00000236caf396bd to 0x00000236caf399d8
Event: 59.589 Thread 0x00000236bda0e0f0 Exception <a 'java/lang/NoSuchMethodError'{0x00000000869adf40}: 'java.lang.Object java.lang.invoke.Invokers$Holder.linkToCallSite(java.lang.Object, java.lang.Object, int, java.lang.Object)'> (0x00000000869adf40) 
thrown [s\src\hotspot\share\interpreter\linkResolver.cpp, line 759]
Event: 59.590 Thread 0x00000236bda0e0f0 Exception <a 'java/lang/NoSuchMethodError'{0x00000000869b1a60}: 'void java.lang.invoke.DirectMethodHandle$Holder.invokeStatic(java.lang.Object, java.lang.Object, int)'> (0x00000000869b1a60) 
thrown [s\src\hotspot\share\interpreter\linkResolver.cpp, line 759]
Event: 59.591 Thread 0x00000236bda0e0f0 Exception <a 'java/lang/NoSuchMethodError'{0x00000000869b5a20}: 'void java.lang.invoke.DirectMethodHandle$Holder.invokeSpecial(java.lang.Object, java.lang.Object, java.lang.Object, int)'> (0x00000000869b5a20) 
thrown [s\src\hotspot\share\interpreter\linkResolver.cpp, line 759]
Event: 59.592 Thread 0x00000236bda0e0f0 Exception <a 'java/lang/NoSuchMethodError'{0x00000000869b92b8}: 'void java.lang.invoke.DelegatingMethodHandle$Holder.reinvoke_L(java.lang.Object, java.lang.Object, int)'> (0x00000000869b92b8) 
thrown [s\src\hotspot\share\interpreter\linkResolver.cpp, line 759]
Event: 59.594 Thread 0x00000236bda0e0f0 Exception <a 'java/lang/NoSuchMethodError'{0x00000000869c9b60}: 'java.lang.Object java.lang.invoke.DelegatingMethodHandle$Holder.delegate(java.lang.Object, java.lang.Object, java.lang.Object, java.lang.Object, int)'> (0x00000000869c9b60) 
thrown [s\src\hotspot\share\interpreter\linkResolver.cpp, line 759]
Event: 59.596 Thread 0x00000236bda0e0f0 Exception <a 'java/lang/NoSuchMethodError'{0x00000000869d8d90}: 'int java.lang.invoke.DirectMethodHandle$Holder.invokeSpecial(java.lang.Object, java.lang.Object, java.lang.Object, java.lang.Object, int)'> (0x00000000869d8d90) 
thrown [s\src\hotspot\share\interpreter\linkResolver.cpp, line 759]
Event: 59.615 Thread 0x00000236bda0e0f0 Exception <a 'java/lang/ClassNotFoundException'{0x0000000086700e88}: com/kms/katalon/core/webui/keyword/builtin/ScrollToElementKeywordBeanInfo> (0x0000000086700e88) 
thrown [s\src\hotspot\share\classfile\systemDictionary.cpp, line 256]
Event: 59.621 Thread 0x00000236bda0e0f0 Exception <a 'java/lang/ClassNotFoundException'{0x000000008673a0d8}: com/kms/katalon/core/webui/keyword/builtin/ScrollToElementKeywordCustomizer> (0x000000008673a0d8) 
thrown [s\src\hotspot\share\classfile\systemDictionary.cpp, line 256]

VM Operations (20 events):
Event: 50.026 Executing VM operation: Cleanup
Event: 50.026 Executing VM operation: Cleanup done
Event: 51.033 Executing VM operation: Cleanup
Event: 51.033 Executing VM operation: Cleanup done
Event: 52.034 Executing VM operation: Cleanup
Event: 52.034 Executing VM operation: Cleanup done
Event: 53.013 Executing VM operation: G1CollectForAllocation
Event: 53.033 Executing VM operation: G1CollectForAllocation done
Event: 54.043 Executing VM operation: Cleanup
Event: 54.043 Executing VM operation: Cleanup done
Event: 55.049 Executing VM operation: Cleanup
Event: 55.049 Executing VM operation: Cleanup done
Event: 56.052 Executing VM operation: Cleanup
Event: 56.052 Executing VM operation: Cleanup done
Event: 57.067 Executing VM operation: Cleanup
Event: 57.067 Executing VM operation: Cleanup done
Event: 58.076 Executing VM operation: Cleanup
Event: 58.077 Executing VM operation: Cleanup done
Event: 59.088 Executing VM operation: Cleanup
Event: 59.088 Executing VM operation: Cleanup done

Events (20 events):
Event: 23.849 loading class java/text/FormatCustomizer
Event: 23.849 loading class java/text/FormatCustomizer done
Event: 23.850 loading class java/text/MessageFormatCustomizer
Event: 23.850 loading class java/text/MessageFormatCustomizer done
Event: 23.853 loading class java/text/MessageFormatCustomizer
Event: 23.853 loading class java/text/MessageFormatCustomizer done
Event: 23.859 loading class java/lang/ThreadBeanInfo
Event: 23.859 loading class java/lang/ThreadBeanInfo done
Event: 23.862 loading class java/lang/ThreadBeanInfo
Event: 23.862 loading class java/lang/ThreadBeanInfo done
Event: 23.862 loading class java/lang/ThreadCustomizer
Event: 23.862 loading class java/lang/ThreadCustomizer done
Event: 23.867 loading class java/lang/ThreadCustomizer
Event: 23.867 loading class java/lang/ThreadCustomizer done
Event: 23.870 Thread 0x00000236dede9ae0 Thread added: 0x00000236dede9ae0
Event: 24.891 Thread 0x00000236dede9ae0 Thread exited: 0x00000236dede9ae0
Event: 52.392 Thread 0x00000236dede9ae0 Thread added: 0x00000236dede9ae0
Event: 52.407 loading class java/lang/StringUTF16$CodePointsSpliterator
Event: 52.407 loading class java/lang/StringUTF16$CodePointsSpliterator done
Event: 52.544 Thread 0x00000236dede9ae0 Thread exited: 0x00000236dede9ae0


Dynamic libraries:
0x00007ff791170000 - 0x00007ff79117e000 	C:\Users\ishai\.katalon\packages\Katalon_Studio_Windows_64-9.6.0\Katalon_Studio_Windows_64-9.6.0\jre\bin\javaw.exe
0x00007ffaf1b10000 - 0x00007ffaf1d27000 	C:\WINDOWS\SYSTEM32\ntdll.dll
0x00007ffaf0f60000 - 0x00007ffaf1024000 	C:\WINDOWS\System32\KERNEL32.DLL
0x00007ffaef040000 - 0x00007ffaef3ed000 	C:\WINDOWS\System32\KERNELBASE.dll
0x00007ffaef4b0000 - 0x00007ffaef5c1000 	C:\WINDOWS\System32\ucrtbase.dll
0x00007ffad9e50000 - 0x00007ffad9e69000 	C:\Users\ishai\.katalon\packages\Katalon_Studio_Windows_64-9.6.0\Katalon_Studio_Windows_64-9.6.0\jre\bin\VCRUNTIME140.dll
0x00007ffad9bb0000 - 0x00007ffad9bc7000 	C:\Users\ishai\.katalon\packages\Katalon_Studio_Windows_64-9.6.0\Katalon_Studio_Windows_64-9.6.0\jre\bin\jli.dll
0x00007ffaf1800000 - 0x00007ffaf19ae000 	C:\WINDOWS\System32\USER32.dll
0x00007ffaef810000 - 0x00007ffaef836000 	C:\WINDOWS\System32\win32u.dll
0x00007ffaf0580000 - 0x00007ffaf05a9000 	C:\WINDOWS\System32\GDI32.dll
0x00007ffaef6f0000 - 0x00007ffaef809000 	C:\WINDOWS\System32\gdi32full.dll
0x00007ffaef5d0000 - 0x00007ffaef66a000 	C:\WINDOWS\System32\msvcp_win.dll
0x00007ffad4920000 - 0x00007ffad4bb3000 	C:\WINDOWS\WinSxS\amd64_microsoft.windows.common-controls_6595b64144ccf1df_6.0.22621.3672_none_2713b9d173822955\COMCTL32.dll
0x00007ffaf1750000 - 0x00007ffaf17f7000 	C:\WINDOWS\System32\msvcrt.dll
0x00007ffaf0440000 - 0x00007ffaf0471000 	C:\WINDOWS\System32\IMM32.DLL
0x00007ffae6cb0000 - 0x00007ffae6cbc000 	C:\Users\ishai\.katalon\packages\Katalon_Studio_Windows_64-9.6.0\Katalon_Studio_Windows_64-9.6.0\jre\bin\vcruntime140_1.dll
0x00007ffac3520000 - 0x00007ffac35b1000 	C:\Users\ishai\.katalon\packages\Katalon_Studio_Windows_64-9.6.0\Katalon_Studio_Windows_64-9.6.0\jre\bin\msvcp140.dll
0x00007ffa29240000 - 0x00007ffa29e88000 	C:\Users\ishai\.katalon\packages\Katalon_Studio_Windows_64-9.6.0\Katalon_Studio_Windows_64-9.6.0\jre\bin\server\jvm.dll
0x00007ffaefd20000 - 0x00007ffaefdd2000 	C:\WINDOWS\System32\ADVAPI32.dll
0x00007ffaf19c0000 - 0x00007ffaf1a69000 	C:\WINDOWS\System32\sechost.dll
0x00007ffaeee30000 - 0x00007ffaeee58000 	C:\WINDOWS\System32\bcrypt.dll
0x00007ffaef850000 - 0x00007ffaef964000 	C:\WINDOWS\System32\RPCRT4.dll
0x00007ffae6e80000 - 0x00007ffae6e89000 	C:\WINDOWS\SYSTEM32\WSOCK32.dll
0x00007ffae6450000 - 0x00007ffae6484000 	C:\WINDOWS\SYSTEM32\WINMM.dll
0x00007ffaf01a0000 - 0x00007ffaf0211000 	C:\WINDOWS\System32\WS2_32.dll
0x00007ffae24e0000 - 0x00007ffae24ea000 	C:\WINDOWS\SYSTEM32\VERSION.dll
0x00007ffaedf20000 - 0x00007ffaedf38000 	C:\WINDOWS\SYSTEM32\kernel.appcore.dll
0x00007ffae6ca0000 - 0x00007ffae6caa000 	C:\Users\ishai\.katalon\packages\Katalon_Studio_Windows_64-9.6.0\Katalon_Studio_Windows_64-9.6.0\jre\bin\jimage.dll
0x00007ffaec690000 - 0x00007ffaec8c2000 	C:\WINDOWS\SYSTEM32\DBGHELP.DLL
0x00007ffaefde0000 - 0x00007ffaf016d000 	C:\WINDOWS\System32\combase.dll
0x00007ffaf1670000 - 0x00007ffaf1747000 	C:\WINDOWS\System32\OLEAUT32.dll
0x00007ffacd8d0000 - 0x00007ffacd902000 	C:\WINDOWS\SYSTEM32\dbgcore.DLL
0x00007ffaef670000 - 0x00007ffaef6eb000 	C:\WINDOWS\System32\bcryptPrimitives.dll
0x00007ffadad20000 - 0x00007ffadad45000 	C:\Users\ishai\.katalon\packages\Katalon_Studio_Windows_64-9.6.0\Katalon_Studio_Windows_64-9.6.0\jre\bin\java.dll
0x00007ffae58a0000 - 0x00007ffae58b8000 	C:\Users\ishai\.katalon\packages\Katalon_Studio_Windows_64-9.6.0\Katalon_Studio_Windows_64-9.6.0\jre\bin\zip.dll
0x00007ffaf05b0000 - 0x00007ffaf0e18000 	C:\WINDOWS\System32\SHELL32.dll
0x00007ffaecd40000 - 0x00007ffaed63e000 	C:\WINDOWS\SYSTEM32\windows.storage.dll
0x00007ffaecc00000 - 0x00007ffaecd3f000 	C:\WINDOWS\SYSTEM32\wintypes.dll
0x00007ffaf0480000 - 0x00007ffaf0579000 	C:\WINDOWS\System32\SHCORE.dll
0x00007ffaf1a70000 - 0x00007ffaf1ace000 	C:\WINDOWS\System32\shlwapi.dll
0x00007ffaeed60000 - 0x00007ffaeed81000 	C:\WINDOWS\SYSTEM32\profapi.dll
0x00007ffadac20000 - 0x00007ffadac39000 	C:\Users\ishai\.katalon\packages\Katalon_Studio_Windows_64-9.6.0\Katalon_Studio_Windows_64-9.6.0\jre\bin\net.dll
0x00007ffae77e0000 - 0x00007ffae7916000 	C:\WINDOWS\SYSTEM32\WINHTTP.dll
0x00007ffaee3c0000 - 0x00007ffaee429000 	C:\WINDOWS\system32\mswsock.dll
0x00007ffada070000 - 0x00007ffada085000 	C:\Users\ishai\.katalon\packages\Katalon_Studio_Windows_64-9.6.0\Katalon_Studio_Windows_64-9.6.0\jre\bin\nio.dll
0x00007ffae6940000 - 0x00007ffae6950000 	C:\Users\ishai\.katalon\packages\Katalon_Studio_Windows_64-9.6.0\Katalon_Studio_Windows_64-9.6.0\jre\bin\verify.dll
0x00007ffaed980000 - 0x00007ffaeda78000 	C:\WINDOWS\SYSTEM32\DNSAPI.dll
0x00007ffaed950000 - 0x00007ffaed97d000 	C:\WINDOWS\SYSTEM32\IPHLPAPI.DLL
0x00007ffaf19b0000 - 0x00007ffaf19b9000 	C:\WINDOWS\System32\NSI.dll
0x00007ffae7120000 - 0x00007ffae712a000 	C:\Windows\System32\rasadhlp.dll
0x00007ffae7130000 - 0x00007ffae71b3000 	C:\WINDOWS\System32\fwpuclnt.dll
0x00007ffae5d50000 - 0x00007ffae5d5e000 	C:\Users\ishai\.katalon\packages\Katalon_Studio_Windows_64-9.6.0\Katalon_Studio_Windows_64-9.6.0\jre\bin\sunmscapi.dll
0x00007ffaeeed0000 - 0x00007ffaef037000 	C:\WINDOWS\System32\CRYPT32.dll
0x00007ffaee7e0000 - 0x00007ffaee80e000 	C:\WINDOWS\SYSTEM32\ncrypt.dll
0x00007ffaee7a0000 - 0x00007ffaee7d7000 	C:\WINDOWS\SYSTEM32\NTASN1.dll
0x00007ffaee630000 - 0x00007ffaee64b000 	C:\WINDOWS\SYSTEM32\CRYPTSP.dll
0x00007ffaede80000 - 0x00007ffaedeb5000 	C:\WINDOWS\system32\rsaenh.dll
0x00007ffaee4c0000 - 0x00007ffaee4e8000 	C:\WINDOWS\SYSTEM32\USERENV.dll
0x00007ffaee620000 - 0x00007ffaee62c000 	C:\WINDOWS\SYSTEM32\CRYPTBASE.dll
0x00007ffae7550000 - 0x00007ffae7569000 	C:\WINDOWS\SYSTEM32\dhcpcsvc6.DLL
0x00007ffae7530000 - 0x00007ffae754f000 	C:\WINDOWS\SYSTEM32\dhcpcsvc.DLL
0x00007ffacbcb0000 - 0x00007ffacbcc7000 	C:\WINDOWS\system32\napinsp.dll
0x00007ffacbc00000 - 0x00007ffacbc1b000 	C:\WINDOWS\system32\pnrpnsp.dll
0x00007ffacbae0000 - 0x00007ffacbaf1000 	C:\WINDOWS\System32\winrnr.dll
0x00007ffacbb00000 - 0x00007ffacbb15000 	C:\WINDOWS\system32\wshbth.dll
0x00007ffacba30000 - 0x00007ffacba57000 	C:\WINDOWS\system32\nlansp_c.dll

dbghelp: loaded successfully - version: 4.0.5 - missing functions: none
symbol engine: initialized successfully - sym options: 0x614 - pdb path: .;C:\Users\ishai\.katalon\packages\Katalon_Studio_Windows_64-9.6.0\Katalon_Studio_Windows_64-9.6.0\jre\bin;C:\WINDOWS\SYSTEM32;C:\WINDOWS\WinSxS\amd64_microsoft.windows.common-controls_6595b64144ccf1df_6.0.22621.3672_none_2713b9d173822955;C:\Users\ishai\.katalon\packages\Katalon_Studio_Windows_64-9.6.0\Katalon_Studio_Windows_64-9.6.0\jre\bin\server

VM Arguments:
jvm_args: -Dgroovy.home=C:\Users\ishai/.groovy -Djava.system.class.loader=groovy.lang.GroovyClassLoader -Xmx2048m -Dfile.encoding=UTF-8 -XX:+ShowCodeDetailsInExceptionMessages 
java_command: org.codehaus.groovy.tools.GroovyStarter --classpath C:\Users\ishai\Katalon Studio\AutomationexerciseWeb\bin\keyword;C:\Users\ishai\Katalon Studio\AutomationexerciseWeb\Keywords;C:\Users\ishai\Katalon Studio\AutomationexerciseWeb\bin\listener;C:\Users\ishai\Katalon Studio\AutomationexerciseWeb\Test Listeners;C:\Users\ishai\Katalon Studio\AutomationexerciseWeb\bin\lib;C:\Users\ishai\Katalon Studio\AutomationexerciseWeb\Libs;C:\Users\ishai\Katalon Studio\AutomationexerciseWeb\bin\groovy;C:\Users\ishai\Katalon Studio\AutomationexerciseWeb\Include\scripts\groovy;C:\Users\ishai\.katalon\packages\Katalon_Studio_Windows_64-9.6.0\Katalon_Studio_Windows_64-9.6.0\plugins\com.kms.katalon.core_1.0.0.202406140959.jar;C:\Users\ishai\.katalon\packages\Katalon_Studio_Windows_64-9.6.0\Katalon_Studio_Windows_64-9.6.0\configuration\resources\lib\aalto-xml-1.0.0.jar;C:\Users\ishai\.katalon\packages\Katalon_Studio_Windows_64-9.6.0\Katalon_Studio_Windows_64-9.6.0\configuration\resources\lib\aspectjweaver-1.9.1.jar;C:\Users\ishai\.katalon\packages\Katalon_Studio_Windows_64-9.6.0\Katalon_Studio_Windows_64-9.6.0\configuration\resources\lib\bcpkix-jdk15on-1.64.jar;C:\Users\ishai\.katalon\packages\Katalon_Studio_Windows_64-9.6.0\Katalon_Studio_Windows_64-9.6.0\configuration\resources\lib\bcprov-jdk15on-1.64.jar;C:\Users\ishai\.katalon\packages\Katalon_Studio_Windows_64-9.6.0\Katalon_Studio_Windows_64-9.6.0\configuration\resources\lib\browsermob-core-2.1.5.jar;C:\Users\ishai\.katalon\packages\Katalon_Studio_Windows_64-9.6.0\Katalon_Studio_Windows_64-9.6.0\configuration\resources\lib\byte-buddy-1.14.3.jar;C:\Users\ishai\.katalon\packages\Katalon_Studio_Windows_64-9.6.0\Katalon_Studio_Windows_64-9.6.0\configuration\resources\lib\byte-buddy-agent-1.14.3.jar;C:\Users\ishai\.katalon\packages\Katalon_Studio_Windows_64-9.6.0\Katalon_Studio_Windows_64-9.6.0\configuration\resources\lib\cglib-3.2.10.jar;C:\Users\ishai\.katalon\packages\Katalon_Studio_Windows_64-9.6.0\Katalon_Studio_Window
java_class_path (initial): C:\Users\ishai\Katalon Studio\AutomationexerciseWeb\bin\keyword;C:\Users\ishai\Katalon Studio\AutomationexerciseWeb\bin\listener;C:\Users\ishai\Katalon Studio\AutomationexerciseWeb\bin\lib;C:\Users\ishai\Katalon Studio\AutomationexerciseWeb\bin\groovy;C:\Users\ishai\Katalon Studio\AutomationexerciseWeb\bin;C:\Users\ishai\.katalon\packages\Katalon_Studio_Windows_64-9.6.0\Katalon_Studio_Windows_64-9.6.0\plugins\com.kms.katalon.core_1.0.0.202406140959.jar;C:\Users\ishai\.katalon\packages\Katalon_Studio_Windows_64-9.6.0\Katalon_Studio_Windows_64-9.6.0\configuration\resources\lib\aalto-xml-1.0.0.jar;C:\Users\ishai\.katalon\packages\Katalon_Studio_Windows_64-9.6.0\Katalon_Studio_Windows_64-9.6.0\configuration\resources\lib\aspectjweaver-1.9.1.jar;C:\Users\ishai\.katalon\packages\Katalon_Studio_Windows_64-9.6.0\Katalon_Studio_Windows_64-9.6.0\configuration\resources\lib\bcpkix-jdk15on-1.64.jar;C:\Users\ishai\.katalon\packages\Katalon_Studio_Windows_64-9.6.0\Katalon_Studio_Windows_64-9.6.0\configuration\resources\lib\bcprov-jdk15on-1.64.jar;C:\Users\ishai\.katalon\packages\Katalon_Studio_Windows_64-9.6.0\Katalon_Studio_Windows_64-9.6.0\configuration\resources\lib\browsermob-core-2.1.5.jar;C:\Users\ishai\.katalon\packages\Katalon_Studio_Windows_64-9.6.0\Katalon_Studio_Windows_64-9.6.0\configuration\resources\lib\byte-buddy-1.14.3.jar;C:\Users\ishai\.katalon\packages\Katalon_Studio_Windows_64-9.6.0\Katalon_Studio_Windows_64-9.6.0\configuration\resources\lib\byte-buddy-agent-1.14.3.jar;C:\Users\ishai\.katalon\packages\Katalon_Studio_Windows_64-9.6.0\Katalon_Studio_Windows_64-9.6.0\configuration\resources\lib\cglib-3.2.10.jar;C:\Users\ishai\.katalon\packages\Katalon_Studio_Windows_64-9.6.0\Katalon_Studio_Windows_64-9.6.0\configuration\resources\lib\commons-codec-1.10.jar;C:\Users\ishai\.katalon\packages\Katalon_Studio_Windows_64-9.6.0\Katalon_Studio_Windows_64-9.6.0\configuration\resources\lib\commons-collections4-4.1.jar;C:\Users\ishai\.katalon\pac
Launcher Type: SUN_STANDARD

[Global flags]
     intx CICompilerCount                          = 4                                         {product} {ergonomic}
     uint ConcGCThreads                            = 2                                         {product} {ergonomic}
     uint G1ConcRefinementThreads                  = 8                                         {product} {ergonomic}
   size_t G1HeapRegionSize                         = 1048576                                   {product} {ergonomic}
    uintx GCDrainStackTargetSize                   = 64                                        {product} {ergonomic}
   size_t InitialHeapSize                          = 266338304                                 {product} {ergonomic}
   size_t MarkStackSize                            = 4194304                                   {product} {ergonomic}
   size_t MaxHeapSize                              = 2147483648                                {product} {command line}
   size_t MaxNewSize                               = 1287651328                                {product} {ergonomic}
   size_t MinHeapDeltaBytes                        = 1048576                                   {product} {ergonomic}
   size_t MinHeapSize                              = 8388608                                   {product} {ergonomic}
    uintx NonNMethodCodeHeapSize                   = 5839372                                {pd product} {ergonomic}
    uintx NonProfiledCodeHeapSize                  = 122909434                              {pd product} {ergonomic}
    uintx ProfiledCodeHeapSize                     = 122909434                              {pd product} {ergonomic}
    uintx ReservedCodeCacheSize                    = 251658240                              {pd product} {ergonomic}
     bool SegmentedCodeCache                       = true                                      {product} {ergonomic}
     bool ShowCodeDetailsInExceptionMessages       = true                                   {manageable} {command line}
   size_t SoftMaxHeapSize                          = 2147483648                             {manageable} {ergonomic}
     bool UseCompressedClassPointers               = true                           {product lp64_product} {ergonomic}
     bool UseCompressedOops                        = true                           {product lp64_product} {ergonomic}
     bool UseG1GC                                  = true                                      {product} {ergonomic}
     bool UseLargePagesIndividualAllocation        = false                                  {pd product} {ergonomic}

Logging:
Log output configuration:
 #0: stdout all=warning uptime,level,tags
 #1: stderr all=off uptime,level,tags

Environment Variables:
JAVA_HOME=C:\Program Files\Java\jdk-21
PATH=C:/Users/ishai/.katalon/packages/Katalon_Studio_Windows_64-9.6.0/Katalon_Studio_Windows_64-9.6.0/jre/bin/server;C:/Users/ishai/.katalon/packages/Katalon_Studio_Windows_64-9.6.0/Katalon_Studio_Windows_64-9.6.0/jre/bin;C:\Program Files\Common Files\Oracle\Java\javapath;D:\oracle\product\10.2.0\db_1\bin;C:\WINDOWS\system32;C:\WINDOWS;C:\WINDOWS\System32\Wbem;C:\WINDOWS\System32\WindowsPowerShell\v1.0\;C:\WINDOWS\System32\OpenSSH\;C:\Program Files\Microsoft SQL Server\Client SDK\ODBC\110\Tools\Binn\;C:\Program Files (x86)\Microsoft SQL Server\120\Tools\Binn\ManagementStudio\;C:\Program Files (x86)\Microsoft SQL Server\120\Tools\Binn\;C:\Program Files\Microsoft SQL Server\120\Tools\Binn\;C:\Program Files (x86)\Microsoft SQL Server\120\DTS\Binn\;C:\Program Files\Microsoft SQL Server\120\DTS\Binn\;C:\Program Files\dotnet\;C:\Program Files\Java\jdk-20\bin;C:\Users\ishai\AppData\Local\Android\Sdk\platform-tools;C:\Program Files\Git\cmd;C:\Program Files\apache-maven-3.9.6\bin;C:\Program Files\nodejs\;C:\Users\ishai\AppData\Local\Android\Sdk\tools;C:\Users\ishai\AppData\Local\Android\Sdk\tools\bin;C:\Program Files\PuTTY\;C:\Program Files\Java\jre1.8.0_202\bin;C:\Users\ishai\AppData\Local\Programs\Microsoft VS Code Insiders\bin;C:\Users\ishai\AppData\Local\Android\Sdk\platform-tools;C:\Users\ishai\AppData\Roaming\npm;C:\Users\ishai\AppData\Local\Programs\Fiddler;C:\Users\ishai\.katalon\packages\Katalon_Studio_Windows_64-9.6.0\Katalon_Studio_Windows_64-9.6.0;
USERNAME=ishai
OS=Windows_NT
PROCESSOR_IDENTIFIER=Intel64 Family 6 Model 140 Stepping 2, GenuineIntel
TMP=C:\Users\ishai\AppData\Local\Temp
TEMP=C:\Users\ishai\AppData\Local\Temp



---------------  S Y S T E M  ---------------

OS:
 Windows 11 , 64 bit Build 22621 (10.0.22621.3958)
OS uptime: 2 days 17:15 hours
Hyper-V role detected

CPU: total 8 (initial active 8) (4 cores per cpu, 2 threads per core) family 6 model 140 stepping 2 microcode 0x26, cx8, cmov, fxsr, ht, mmx, 3dnowpref, sse, sse2, sse3, ssse3, sse4.1, sse4.2, popcnt, lzcnt, tsc, tscinvbit, avx, avx2, aes, erms, clmul, bmi1, bmi2, adx, avx512f, avx512dq, avx512cd, avx512bw, avx512vl, sha, fma, vzeroupper, avx512_vpopcntdq, avx512_vpclmulqdq, avx512_vaes, avx512_vnni, clflush, clflushopt, clwb, avx512_vbmi2, avx512_vbmi, hv

Memory: 4k page, system-wide physical 16167M (1862M free)
TotalPageFile size 19667M (AvailPageFile size 5M)
current process WorkingSet (physical memory assigned to process): 250M, peak: 302M
current process commit charge ("private bytes"): 296M, peak: 461M

vm_info: OpenJDK 64-Bit Server VM (17.0.7+7) for windows-amd64 JRE (17.0.7+7), built on Apr 18 2023 22:10:42 by "temurin" with MS VC++ 16.7 (VS2019)

END.
